===== Tue Mar 31 12:49:01 CEST 2026 =====
Weather report for Bratislava saved to reports/weather.txt
===== Tue Mar 31 12:49:19 CEST 2026 =====
Weather report for Bratislava saved to reports/weather.txt
===== Tue Mar 31 12:49:30 CEST 2026 =====
Weather report for Bratislava saved to reports/weather.txt
===== Tue Mar 31 12:50:02 CEST 2026 =====
Weather report for Bratislava saved to reports/weather.txt
===== Tue Mar 31 12:50:13 CEST 2026 =====
Weather report for Bratislava saved to reports/weather.txt
===== Tue Mar 31 12:51:01 CEST 2026 =====
Weather report for Bratislava saved to reports/weather.txt
===== Tue Mar 31 12:52:01 CEST 2026 =====
Weather report for Bratislava saved to reports/weather.txt
===== Tue Mar 31 12:53:01 CEST 2026 =====
Weather report for Bratislava saved to reports/weather.txt
===== Tue Mar 31 12:54:01 CEST 2026 =====
Weather report for Bratislava saved to reports/weather.txt
===== Tue Mar 31 12:55:01 CEST 2026 =====
Weather report for Bratislava saved to reports/weather.txt
===== Tue Mar 31 12:56:02 CEST 2026 =====
Weather report for Bratislava saved to reports/weather.txt
===== Tue Mar 31 12:57:01 CEST 2026 =====
Weather report for Bratislava saved to reports/weather.txt
===== Tue Mar 31 12:58:01 CEST 2026 =====
Weather report for Bratislava saved to reports/weather.txt
===== Tue Mar 31 12:59:01 CEST 2026 =====
Weather report for Bratislava saved to reports/weather.txt
===== Tue Mar 31 13:00:01 CEST 2026 =====
Weather report for Bratislava saved to reports/weather.txt
===== Tue Mar 31 13:01:01 CEST 2026 =====
Weather report for Bratislava saved to reports/weather.txt
===== Tue Mar 31 13:02:01 CEST 2026 =====
Weather report for Bratislava saved to reports/weather.txt
===== Tue Mar 31 13:03:01 CEST 2026 =====
Weather report for Bratislava saved to reports/weather.txt
===== Tue Mar 31 13:04:01 CEST 2026 =====
Weather report for Bratislava saved to reports/weather.txt
===== Tue Mar 31 13:05:02 CEST 2026 =====
Weather report for Bratislava saved to reports/weather.txt
===== Tue Mar 31 13:06:01 CEST 2026 =====
Weather report for Bratislava saved to reports/weather.txt
===== Tue Mar 31 13:07:01 CEST 2026 =====
Weather report for Bratislava saved to reports/weather.txt
===== Tue Mar 31 13:08:02 CEST 2026 =====
Weather report for Bratislava saved to reports/weather.txt
===== Tue Mar 31 13:09:01 CEST 2026 =====
Weather report for Bratislava saved to reports/weather.txt
===== Tue Mar 31 13:10:02 CEST 2026 =====
Weather report for Bratislava saved to reports/weather.txt
===== Tue Mar 31 13:11:01 CEST 2026 =====
Weather report for Bratislava saved to reports/weather.txt
===== Tue Mar 31 13:12:01 CEST 2026 =====
Weather report for Bratislava saved to reports/weather.txt
===== Tue Mar 31 13:13:01 CEST 2026 =====
Weather report for Bratislava saved to reports/weather.txt
===== Tue Mar 31 13:14:01 CEST 2026 =====
Weather report for Bratislava saved to reports/weather.txt
===== Tue Mar 31 13:15:01 CEST 2026 =====
Weather report for Bratislava saved to reports/weather.txt
===== Tue Mar 31 13:16:01 CEST 2026 =====
Weather report for Bratislava saved to reports/weather.txt
===== Tue Mar 31 13:17:01 CEST 2026 =====
Weather report for Bratislava saved to reports/weather.txt
===== Tue Mar 31 13:18:01 CEST 2026 =====
Weather report for Bratislava saved to reports/weather.txt
===== Tue Mar 31 13:19:01 CEST 2026 =====
Weather report for Bratislava saved to reports/weather.txt
===== Tue Mar 31 13:20:02 CEST 2026 =====
Weather report for Bratislava saved to reports/weather.txt
===== Tue Mar 31 13:21:01 CEST 2026 =====
Weather report for Bratislava saved to reports/weather.txt
===== Tue Mar 31 13:22:02 CEST 2026 =====
Weather report for Bratislava saved to reports/weather.txt
===== Tue Mar 31 13:23:01 CEST 2026 =====
Weather report for Bratislava saved to reports/weather.txt
===== Tue Mar 31 13:24:01 CEST 2026 =====
Weather report for Bratislava saved to reports/weather.txt
===== Tue Mar 31 13:25:01 CEST 2026 =====
Weather report for Bratislava saved to reports/weather.txt
===== Tue Mar 31 13:26:01 CEST 2026 =====
Weather report for Bratislava saved to reports/weather.txt
===== Tue Mar 31 13:27:01 CEST 2026 =====
Weather report for Bratislava saved to reports/weather.txt
===== Tue Mar 31 13:28:02 CEST 2026 =====
Weather report for Bratislava saved to reports/weather.txt
===== Tue Mar 31 13:29:01 CEST 2026 =====
Weather report for Bratislava saved to reports/weather.txt
===== Tue Mar 31 13:30:02 CEST 2026 =====
Weather report for Bratislava saved to reports/weather.txt
===== Tue Mar 31 13:31:01 CEST 2026 =====
Weather report for Bratislava saved to reports/weather.txt
===== Tue Mar 31 13:32:01 CEST 2026 =====
Weather report for Bratislava saved to reports/weather.txt
===== Tue Mar 31 13:33:01 CEST 2026 =====
Weather report for Bratislava saved to reports/weather.txt
===== Tue Mar 31 13:34:01 CEST 2026 =====
Weather report for Bratislava saved to reports/weather.txt
===== Tue Mar 31 13:35:01 CEST 2026 =====
Weather report for Bratislava saved to reports/weather.txt
===== Tue Mar 31 13:36:01 CEST 2026 =====
Weather report for Bratislava saved to reports/weather.txt
===== Tue Mar 31 13:37:01 CEST 2026 =====
Weather report for Bratislava saved to reports/weather.txt
===== Tue Mar 31 13:38:01 CEST 2026 =====
Weather report for Bratislava saved to reports/weather.txt
===== Tue Mar 31 13:39:01 CEST 2026 =====
Weather report for Bratislava saved to reports/weather.txt
===== Tue Mar 31 13:40:01 CEST 2026 =====
Weather report for Bratislava saved to reports/weather.txt
===== Tue Mar 31 13:41:01 CEST 2026 =====
Weather report for Bratislava saved to reports/weather.txt
===== Tue Mar 31 13:42:01 CEST 2026 =====
Weather report for Bratislava saved to reports/weather.txt
===== Tue Mar 31 13:43:02 CEST 2026 =====
Weather report for Bratislava saved to reports/weather.txt
===== Tue Mar 31 13:44:01 CEST 2026 =====
Weather report for Bratislava saved to reports/weather.txt
===== Tue Mar 31 13:45:02 CEST 2026 =====
Weather report for Bratislava saved to reports/weather.txt
===== Tue Mar 31 13:46:01 CEST 2026 =====
Weather report for Bratislava saved to reports/weather.txt
===== Tue Mar 31 13:47:01 CEST 2026 =====
Weather report for Bratislava saved to reports/weather.txt
===== Tue Mar 31 13:48:01 CEST 2026 =====
Weather report for Bratislava saved to reports/weather.txt
===== Tue Mar 31 13:49:01 CEST 2026 =====
Weather report for Bratislava saved to reports/weather.txt
===== Tue Mar 31 13:50:01 CEST 2026 =====
Weather report for Bratislava saved to reports/weather.txt
===== Tue Mar 31 13:51:01 CEST 2026 =====
Weather report for Bratislava saved to reports/weather.txt
===== Tue Mar 31 13:52:01 CEST 2026 =====
Weather report for Bratislava saved to reports/weather.txt
===== Tue Mar 31 13:53:01 CEST 2026 =====
Weather report for Bratislava saved to reports/weather.txt
===== Tue Mar 31 13:54:01 CEST 2026 =====
Weather report for Bratislava saved to reports/weather.txt
===== Tue Mar 31 13:55:01 CEST 2026 =====
Weather report for Bratislava saved to reports/weather.txt
===== Tue Mar 31 13:56:01 CEST 2026 =====
Weather report for Bratislava saved to reports/weather.txt
===== Tue Mar 31 13:57:01 CEST 2026 =====
Weather report for Bratislava saved to reports/weather.txt
===== Tue Mar 31 13:58:01 CEST 2026 =====
Weather report for Bratislava saved to reports/weather.txt
===== Tue Mar 31 13:59:01 CEST 2026 =====
Weather report for Bratislava saved to reports/weather.txt
===== Tue Mar 31 14:00:01 CEST 2026 =====
Weather report for Bratislava saved to reports/weather.txt
===== Tue Mar 31 14:01:01 CEST 2026 =====
Weather report for Bratislava saved to reports/weather.txt
===== Tue Mar 31 14:02:01 CEST 2026 =====
Weather report for Bratislava saved to reports/weather.txt
===== Tue Mar 31 14:03:01 CEST 2026 =====
Weather report for Bratislava saved to reports/weather.txt
===== Tue Mar 31 14:04:01 CEST 2026 =====
Weather report for Bratislava saved to reports/weather.txt
===== Tue Mar 31 22:18:02 CEST 2026 =====
Weather report for Bratislava saved to reports/weather.txt
===== Tue Mar 31 22:19:01 CEST 2026 =====
Weather report for Bratislava saved to reports/weather.txt
===== Tue Mar 31 22:20:01 CEST 2026 =====
Weather report for Bratislava saved to reports/weather.txt
===== Tue Mar 31 22:21:01 CEST 2026 =====
Weather report for Bratislava saved to reports/weather.txt
===== Tue Mar 31 22:22:01 CEST 2026 =====
Weather report for Bratislava saved to reports/weather.txt
===== Tue Mar 31 22:23:02 CEST 2026 =====
Weather report for Bratislava saved to reports/weather.txt
===== Tue Mar 31 22:24:01 CEST 2026 =====
Weather report for Bratislava saved to reports/weather.txt
===== Tue Mar 31 22:25:01 CEST 2026 =====
Weather report for Bratislava saved to reports/weather.txt
===== Tue Mar 31 22:26:01 CEST 2026 =====
Weather report for Bratislava saved to reports/weather.txt
===== Tue Mar 31 22:27:01 CEST 2026 =====
Weather report for Bratislava saved to reports/weather.txt
===== Tue Mar 31 22:28:02 CEST 2026 =====
Weather report for Bratislava saved to reports/weather.txt
===== Tue Mar 31 22:29:01 CEST 2026 =====
Weather report for Bratislava saved to reports/weather.txt
===== Tue Mar 31 22:30:02 CEST 2026 =====
Weather report for Bratislava saved to reports/weather.txt
===== Tue Mar 31 22:31:02 CEST 2026 =====
Weather report for Bratislava saved to reports/weather.txt
===== Tue Mar 31 22:32:01 CEST 2026 =====
Weather report for Bratislava saved to reports/weather.txt
===== Tue Mar 31 22:33:01 CEST 2026 =====
Weather report for Bratislava saved to reports/weather.txt
===== Tue Mar 31 22:34:02 CEST 2026 =====
Weather report for Bratislava saved to reports/weather.txt
===== Tue Mar 31 22:35:01 CEST 2026 =====
Weather report for Bratislava saved to reports/weather.txt
===== Tue Mar 31 22:36:02 CEST 2026 =====
Weather report for Bratislava saved to reports/weather.txt
===== Tue Mar 31 22:37:01 CEST 2026 =====
Weather report for Bratislava saved to reports/weather.txt
===== Tue Mar 31 22:38:02 CEST 2026 =====
Weather report for Bratislava saved to reports/weather.txt
===== Tue Mar 31 22:39:02 CEST 2026 =====
Weather report for Bratislava saved to reports/weather.txt
===== Tue Mar 31 22:40:01 CEST 2026 =====
Weather report for Bratislava saved to reports/weather.txt
===== Tue Mar 31 22:41:02 CEST 2026 =====
Weather report for Bratislava saved to reports/weather.txt
===== Tue Mar 31 22:42:02 CEST 2026 =====
Weather report for Bratislava saved to reports/weather.txt
===== Tue Mar 31 22:43:01 CEST 2026 =====
Weather report for Bratislava saved to reports/weather.txt
===== Tue Mar 31 22:44:01 CEST 2026 =====
Weather report for Bratislava saved to reports/weather.txt
===== Tue Mar 31 22:45:02 CEST 2026 =====
Weather report for Bratislava saved to reports/weather.txt
===== Tue Mar 31 22:46:01 CEST 2026 =====
Weather report for Bratislava saved to reports/weather.txt
===== Tue Mar 31 22:47:01 CEST 2026 =====
Weather report for Bratislava saved to reports/weather.txt
===== Tue Mar 31 22:48:01 CEST 2026 =====
Weather report for Bratislava saved to reports/weather.txt
===== Tue Mar 31 22:49:01 CEST 2026 =====
Weather report for Bratislava saved to reports/weather.txt
===== Tue Mar 31 22:50:01 CEST 2026 =====
Weather report for Bratislava saved to reports/weather.txt
===== Tue Mar 31 22:51:02 CEST 2026 =====
Weather report for Bratislava saved to reports/weather.txt
===== Tue Mar 31 22:52:02 CEST 2026 =====
Weather report for Bratislava saved to reports/weather.txt
===== Tue Mar 31 22:53:02 CEST 2026 =====
Weather report for Bratislava saved to reports/weather.txt
===== Tue Mar 31 22:54:02 CEST 2026 =====
Weather report for Bratislava saved to reports/weather.txt
===== Tue Mar 31 22:55:01 CEST 2026 =====
Weather report for Bratislava saved to reports/weather.txt
===== Tue Mar 31 22:56:02 CEST 2026 =====
Weather report for Bratislava saved to reports/weather.txt
===== Tue Mar 31 22:57:02 CEST 2026 =====
Weather report for Bratislava saved to reports/weather.txt
===== Tue Mar 31 22:58:02 CEST 2026 =====
Weather report for Bratislava saved to reports/weather.txt
===== Tue Mar 31 22:59:01 CEST 2026 =====
Weather report for Bratislava saved to reports/weather.txt
===== Tue Mar 31 23:00:01 CEST 2026 =====
Weather report for Bratislava saved to reports/weather.txt
===== Tue Mar 31 23:01:01 CEST 2026 =====
Weather report for Bratislava saved to reports/weather.txt
===== Wed Apr  8 18:44:05 CEST 2026 =====
Weather report for Bratislava saved to reports/weather.txt
===== Wed Apr  8 18:45:02 CEST 2026 =====
Weather report for Bratislava saved to reports/weather.txt
===== Wed Apr  8 18:46:01 CEST 2026 =====
Weather report for Bratislava saved to reports/weather.txt
===== Wed Apr  8 18:47:01 CEST 2026 =====
Weather report for Bratislava saved to reports/weather.txt
===== Wed Apr  8 18:48:01 CEST 2026 =====
Weather report for Bratislava saved to reports/weather.txt
===== Wed Apr  8 18:49:01 CEST 2026 =====
Weather report for Bratislava saved to reports/weather.txt
===== Wed Apr  8 18:50:01 CEST 2026 =====
Weather report for Bratislava saved to reports/weather.txt
===== Wed Apr  8 18:51:02 CEST 2026 =====
Weather report for Bratislava saved to reports/weather.txt
===== Wed Apr  8 18:52:01 CEST 2026 =====
Weather report for Bratislava saved to reports/weather.txt
===== Wed Apr  8 18:53:01 CEST 2026 =====
Weather report for Bratislava saved to reports/weather.txt
===== Wed Apr  8 18:54:02 CEST 2026 =====
Weather report for Bratislava saved to reports/weather.txt
===== Wed Apr  8 18:55:01 CEST 2026 =====
Weather report for Bratislava saved to reports/weather.txt
===== Wed Apr  8 18:56:01 CEST 2026 =====
Weather report for Bratislava saved to reports/weather.txt
===== Wed Apr  8 18:57:02 CEST 2026 =====
Weather report for Bratislava saved to reports/weather.txt
===== Wed Apr  8 18:58:01 CEST 2026 =====
Weather report for Bratislava saved to reports/weather.txt
===== Wed Apr  8 18:59:02 CEST 2026 =====
Weather report for Bratislava saved to reports/weather.txt
===== Wed Apr  8 19:00:01 CEST 2026 =====
Weather report for Bratislava saved to reports/weather.txt
===== Wed Apr  8 19:01:01 CEST 2026 =====
Weather report for Bratislava saved to reports/weather.txt
===== Wed Apr  8 19:02:02 CEST 2026 =====
Weather report for Bratislava saved to reports/weather.txt
===== Wed Apr  8 19:03:01 CEST 2026 =====
Weather report for Bratislava saved to reports/weather.txt
===== Wed Apr  8 19:04:01 CEST 2026 =====
Weather report for Bratislava saved to reports/weather.txt
===== Wed Apr  8 19:05:01 CEST 2026 =====
Weather report for Bratislava saved to reports/weather.txt
===== Wed Apr  8 19:06:01 CEST 2026 =====
Weather report for Bratislava saved to reports/weather.txt
===== Wed Apr  8 19:07:01 CEST 2026 =====
Weather report for Bratislava saved to reports/weather.txt
===== Wed Apr  8 19:08:02 CEST 2026 =====
Weather report for Bratislava saved to reports/weather.txt
===== Wed Apr  8 19:09:01 CEST 2026 =====
Weather report for Bratislava saved to reports/weather.txt
===== Wed Apr  8 19:10:01 CEST 2026 =====
Weather report for Bratislava saved to reports/weather.txt
===== Wed Apr  8 19:11:01 CEST 2026 =====
Weather report for Bratislava saved to reports/weather.txt
===== Wed Apr  8 19:12:01 CEST 2026 =====
Weather report for Bratislava saved to reports/weather.txt
===== Wed Apr  8 19:13:01 CEST 2026 =====
Weather report for Bratislava saved to reports/weather.txt
===== Wed Apr  8 19:14:01 CEST 2026 =====
Weather report for Bratislava saved to reports/weather.txt
===== Wed Apr  8 19:15:01 CEST 2026 =====
Weather report for Bratislava saved to reports/weather.txt
===== Wed Apr  8 19:16:01 CEST 2026 =====
Weather report for Bratislava saved to reports/weather.txt
===== Wed Apr  8 19:17:01 CEST 2026 =====
Weather report for Bratislava saved to reports/weather.txt
===== Wed Apr  8 19:18:01 CEST 2026 =====
Weather report for Bratislava saved to reports/weather.txt
===== Wed Apr  8 19:19:01 CEST 2026 =====
Weather report for Bratislava saved to reports/weather.txt
===== Wed Apr  8 19:20:01 CEST 2026 =====
Weather report for Bratislava saved to reports/weather.txt
===== Wed Apr  8 19:21:01 CEST 2026 =====
Weather report for Bratislava saved to reports/weather.txt
===== Wed Apr  8 19:22:01 CEST 2026 =====
Weather report for Bratislava saved to reports/weather.txt
===== Wed Apr  8 19:23:01 CEST 2026 =====
Weather report for Bratislava saved to reports/weather.txt
===== Wed Apr  8 19:24:01 CEST 2026 =====
Weather report for Bratislava saved to reports/weather.txt
===== Wed Apr  8 19:25:01 CEST 2026 =====
Weather report for Bratislava saved to reports/weather.txt
===== Wed Apr  8 19:26:01 CEST 2026 =====
Weather report for Bratislava saved to reports/weather.txt
===== Wed Apr  8 19:27:01 CEST 2026 =====
Weather report for Bratislava saved to reports/weather.txt
===== Wed Apr  8 19:28:01 CEST 2026 =====
Weather report for Bratislava saved to reports/weather.txt
===== Wed Apr  8 19:29:01 CEST 2026 =====
Weather report for Bratislava saved to reports/weather.txt
===== Wed Apr  8 19:30:01 CEST 2026 =====
Weather report for Bratislava saved to reports/weather.txt
===== Wed Apr  8 19:31:01 CEST 2026 =====
Weather report for Bratislava saved to reports/weather.txt
===== Wed Apr  8 19:32:01 CEST 2026 =====
Weather report for Bratislava saved to reports/weather.txt
===== Wed Apr  8 19:33:01 CEST 2026 =====
Weather report for Bratislava saved to reports/weather.txt
===== Wed Apr  8 19:34:01 CEST 2026 =====
Weather report for Bratislava saved to reports/weather.txt
===== Wed Apr  8 19:35:01 CEST 2026 =====
Weather report for Bratislava saved to reports/weather.txt
===== Wed Apr  8 19:36:01 CEST 2026 =====
Weather report for Bratislava saved to reports/weather.txt
===== Wed Apr  8 19:37:01 CEST 2026 =====
Weather report for Bratislava saved to reports/weather.txt
===== Wed Apr  8 19:38:01 CEST 2026 =====
Weather report for Bratislava saved to reports/weather.txt
===== Wed Apr  8 19:39:01 CEST 2026 =====
Weather report for Bratislava saved to reports/weather.txt
===== Wed Apr  8 19:40:01 CEST 2026 =====
Weather report for Bratislava saved to reports/weather.txt
===== Wed Apr  8 19:41:01 CEST 2026 =====
Weather report for Bratislava saved to reports/weather.txt
===== Wed Apr  8 19:42:02 CEST 2026 =====
Weather report for Bratislava saved to reports/weather.txt
===== Wed Apr  8 19:43:01 CEST 2026 =====
Weather report for Bratislava saved to reports/weather.txt
===== Wed Apr  8 19:44:01 CEST 2026 =====
Weather report for Bratislava saved to reports/weather.txt
===== Wed Apr  8 19:45:01 CEST 2026 =====
Weather report for Bratislava saved to reports/weather.txt
===== Wed Apr  8 19:46:01 CEST 2026 =====
Weather report for Bratislava saved to reports/weather.txt
===== Wed Apr  8 19:47:01 CEST 2026 =====
Weather report for Bratislava saved to reports/weather.txt
===== Wed Apr  8 19:48:02 CEST 2026 =====
Weather report for Bratislava saved to reports/weather.txt
===== Wed Apr  8 19:49:01 CEST 2026 =====
Weather report for Bratislava saved to reports/weather.txt
===== Wed Apr  8 19:50:01 CEST 2026 =====
Weather report for Bratislava saved to reports/weather.txt
===== Wed Apr  8 19:51:01 CEST 2026 =====
Weather report for Bratislava saved to reports/weather.txt
===== Wed Apr  8 19:52:01 CEST 2026 =====
Weather report for Bratislava saved to reports/weather.txt
===== Wed Apr  8 19:53:01 CEST 2026 =====
Weather report for Bratislava saved to reports/weather.txt
===== Wed Apr  8 19:54:01 CEST 2026 =====
Weather report for Bratislava saved to reports/weather.txt
===== Wed Apr  8 19:55:01 CEST 2026 =====
Weather report for Bratislava saved to reports/weather.txt
===== Wed Apr  8 19:56:01 CEST 2026 =====
Weather report for Bratislava saved to reports/weather.txt
===== Wed Apr  8 19:57:02 CEST 2026 =====
Weather report for Bratislava saved to reports/weather.txt
===== Wed Apr  8 19:58:01 CEST 2026 =====
Weather report for Bratislava saved to reports/weather.txt
===== Wed Apr  8 19:59:01 CEST 2026 =====
Weather report for Bratislava saved to reports/weather.txt
===== Wed Apr  8 20:00:01 CEST 2026 =====
Weather report for Bratislava saved to reports/weather.txt
===== Wed Apr  8 20:01:01 CEST 2026 =====
Weather report for Bratislava saved to reports/weather.txt
===== Wed Apr  8 20:02:01 CEST 2026 =====
Weather report for Bratislava saved to reports/weather.txt
===== Wed Apr  8 20:03:01 CEST 2026 =====
Weather report for Bratislava saved to reports/weather.txt
===== Wed Apr  8 20:04:01 CEST 2026 =====
Weather report for Bratislava saved to reports/weather.txt
===== Wed Apr  8 20:05:01 CEST 2026 =====
Weather report for Bratislava saved to reports/weather.txt
===== Wed Apr  8 20:06:01 CEST 2026 =====
Weather report for Bratislava saved to reports/weather.txt
===== Wed Apr  8 20:07:01 CEST 2026 =====
Weather report for Bratislava saved to reports/weather.txt
===== Wed Apr  8 20:08:01 CEST 2026 =====
Weather report for Bratislava saved to reports/weather.txt
===== Wed Apr  8 20:09:01 CEST 2026 =====
Weather report for Bratislava saved to reports/weather.txt
===== Wed Apr  8 20:10:02 CEST 2026 =====
Weather report for Bratislava saved to reports/weather.txt
===== Wed Apr  8 20:11:01 CEST 2026 =====
Weather report for Bratislava saved to reports/weather.txt
===== Wed Apr  8 20:12:01 CEST 2026 =====
Weather report for Bratislava saved to reports/weather.txt
===== Wed Apr  8 20:13:02 CEST 2026 =====
Weather report for Bratislava saved to reports/weather.txt
===== Wed Apr  8 20:14:01 CEST 2026 =====
Weather report for Bratislava saved to reports/weather.txt
===== Wed Apr  8 20:15:01 CEST 2026 =====
Weather report for Bratislava saved to reports/weather.txt
===== Wed Apr  8 20:16:01 CEST 2026 =====
Weather report for Bratislava saved to reports/weather.txt
===== Wed Apr  8 20:17:01 CEST 2026 =====
Weather report for Bratislava saved to reports/weather.txt
===== Wed Apr  8 20:18:01 CEST 2026 =====
Weather report for Bratislava saved to reports/weather.txt
===== Wed Apr  8 20:19:01 CEST 2026 =====
Weather report for Bratislava saved to reports/weather.txt
===== Wed Apr  8 20:20:01 CEST 2026 =====
Weather report for Bratislava saved to reports/weather.txt
===== Wed Apr  8 20:21:01 CEST 2026 =====
Weather report for Bratislava saved to reports/weather.txt
===== Wed Apr  8 20:22:01 CEST 2026 =====
Weather report for Bratislava saved to reports/weather.txt
===== Wed Apr  8 20:23:01 CEST 2026 =====
Weather report for Bratislava saved to reports/weather.txt
===== Wed Apr  8 20:24:01 CEST 2026 =====
Weather report for Bratislava saved to reports/weather.txt
===== Wed Apr  8 20:25:02 CEST 2026 =====
Weather report for Bratislava saved to reports/weather.txt
===== Wed Apr  8 20:26:01 CEST 2026 =====
Weather report for Bratislava saved to reports/weather.txt
===== Wed Apr  8 20:27:01 CEST 2026 =====
Weather report for Bratislava saved to reports/weather.txt
===== Wed Apr  8 20:28:01 CEST 2026 =====
Weather report for Bratislava saved to reports/weather.txt
===== Wed Apr  8 20:29:01 CEST 2026 =====
Weather report for Bratislava saved to reports/weather.txt
===== Wed Apr  8 20:30:01 CEST 2026 =====
Weather report for Bratislava saved to reports/weather.txt
===== Wed Apr  8 20:31:01 CEST 2026 =====
Weather report for Bratislava saved to reports/weather.txt
===== Wed Apr  8 20:32:02 CEST 2026 =====
Weather report for Bratislava saved to reports/weather.txt
===== Wed Apr  8 20:33:01 CEST 2026 =====
Weather report for Bratislava saved to reports/weather.txt
===== Wed Apr  8 20:34:02 CEST 2026 =====
Weather report for Bratislava saved to reports/weather.txt
===== Wed Apr  8 20:35:01 CEST 2026 =====
Weather report for Bratislava saved to reports/weather.txt
===== Wed Apr  8 20:36:01 CEST 2026 =====
Weather report for Bratislava saved to reports/weather.txt
===== Wed Apr  8 20:37:02 CEST 2026 =====
Weather report for Bratislava saved to reports/weather.txt
===== Wed Apr  8 20:38:01 CEST 2026 =====
Weather report for Bratislava saved to reports/weather.txt
===== Wed Apr  8 20:39:02 CEST 2026 =====
Weather report for Bratislava saved to reports/weather.txt
===== Wed Apr  8 20:40:01 CEST 2026 =====
Weather report for Bratislava saved to reports/weather.txt
===== Wed Apr  8 20:41:02 CEST 2026 =====
Weather report for Bratislava saved to reports/weather.txt
===== Wed Apr  8 20:42:01 CEST 2026 =====
Weather report for Bratislava saved to reports/weather.txt
===== Wed Apr  8 20:43:02 CEST 2026 =====
Weather report for Bratislava saved to reports/weather.txt
===== Wed Apr  8 20:44:01 CEST 2026 =====
Weather report for Bratislava saved to reports/weather.txt
===== Wed Apr  8 20:45:01 CEST 2026 =====
Weather report for Bratislava saved to reports/weather.txt
===== Wed Apr  8 20:46:01 CEST 2026 =====
Weather report for Bratislava saved to reports/weather.txt
===== Wed Apr  8 20:47:01 CEST 2026 =====
Weather report for Bratislava saved to reports/weather.txt
===== Wed Apr  8 20:48:02 CEST 2026 =====
Weather report for Bratislava saved to reports/weather.txt
===== Wed Apr  8 20:49:01 CEST 2026 =====
Weather report for Bratislava saved to reports/weather.txt
===== Wed Apr  8 20:50:02 CEST 2026 =====
Weather report for Bratislava saved to reports/weather.txt
===== Wed Apr  8 20:51:01 CEST 2026 =====
Weather report for Bratislava saved to reports/weather.txt
===== Wed Apr  8 20:52:01 CEST 2026 =====
Weather report for Bratislava saved to reports/weather.txt
===== Wed Apr  8 20:53:01 CEST 2026 =====
Weather report for Bratislava saved to reports/weather.txt
===== Wed Apr  8 20:54:02 CEST 2026 =====
Weather report for Bratislava saved to reports/weather.txt
===== Wed Apr  8 20:55:02 CEST 2026 =====
Weather report for Bratislava saved to reports/weather.txt
===== Wed Apr  8 20:56:01 CEST 2026 =====
Weather report for Bratislava saved to reports/weather.txt
===== Wed Apr  8 20:57:01 CEST 2026 =====
Weather report for Bratislava saved to reports/weather.txt
===== Wed Apr  8 20:58:01 CEST 2026 =====
Weather report for Bratislava saved to reports/weather.txt
===== Wed Apr  8 20:59:02 CEST 2026 =====
Weather report for Bratislava saved to reports/weather.txt
===== Wed Apr  8 21:00:01 CEST 2026 =====
Weather report for Bratislava saved to reports/weather.txt
===== Wed Apr  8 21:01:01 CEST 2026 =====
Weather report for Bratislava saved to reports/weather.txt
===== Wed Apr  8 21:02:01 CEST 2026 =====
Weather report for Bratislava saved to reports/weather.txt
===== Wed Apr  8 21:03:01 CEST 2026 =====
Weather report for Bratislava saved to reports/weather.txt
===== Wed Apr  8 21:04:01 CEST 2026 =====
Weather report for Bratislava saved to reports/weather.txt
===== Wed Apr  8 21:05:01 CEST 2026 =====
Weather report for Bratislava saved to reports/weather.txt
===== Wed Apr  8 21:06:01 CEST 2026 =====
Weather report for Bratislava saved to reports/weather.txt
===== Wed Apr  8 21:07:02 CEST 2026 =====
Weather report for Bratislava saved to reports/weather.txt
===== Wed Apr  8 21:08:01 CEST 2026 =====
Weather report for Bratislava saved to reports/weather.txt
===== Wed Apr  8 21:09:01 CEST 2026 =====
Weather report for Bratislava saved to reports/weather.txt
===== Wed Apr  8 21:10:01 CEST 2026 =====
Weather report for Bratislava saved to reports/weather.txt
===== Wed Apr  8 21:11:01 CEST 2026 =====
Weather report for Bratislava saved to reports/weather.txt
===== Wed Apr  8 21:12:01 CEST 2026 =====
Weather report for Bratislava saved to reports/weather.txt
===== Wed Apr  8 21:13:01 CEST 2026 =====
Weather report for Bratislava saved to reports/weather.txt
===== Wed Apr  8 21:14:01 CEST 2026 =====
Weather report for Bratislava saved to reports/weather.txt
===== Wed Apr  8 21:15:02 CEST 2026 =====
Weather report for Bratislava saved to reports/weather.txt
===== Wed Apr  8 21:16:01 CEST 2026 =====
Weather report for Bratislava saved to reports/weather.txt
===== Wed Apr  8 21:17:01 CEST 2026 =====
Weather report for Bratislava saved to reports/weather.txt
===== Wed Apr  8 21:18:01 CEST 2026 =====
Weather report for Bratislava saved to reports/weather.txt
===== Wed Apr  8 21:19:01 CEST 2026 =====
Weather report for Bratislava saved to reports/weather.txt
===== Wed Apr  8 21:20:01 CEST 2026 =====
Weather report for Bratislava saved to reports/weather.txt
===== Wed Apr  8 21:21:01 CEST 2026 =====
Weather report for Bratislava saved to reports/weather.txt
===== Wed Apr  8 21:22:01 CEST 2026 =====
Weather report for Bratislava saved to reports/weather.txt
===== Wed Apr  8 21:23:02 CEST 2026 =====
Weather report for Bratislava saved to reports/weather.txt
===== Wed Apr  8 21:24:01 CEST 2026 =====
Weather report for Bratislava saved to reports/weather.txt
===== Wed Apr  8 21:25:01 CEST 2026 =====
Weather report for Bratislava saved to reports/weather.txt
===== Wed Apr  8 21:26:01 CEST 2026 =====
Weather report for Bratislava saved to reports/weather.txt
===== Wed Apr  8 21:27:01 CEST 2026 =====
Weather report for Bratislava saved to reports/weather.txt
===== Wed Apr  8 21:28:01 CEST 2026 =====
Weather report for Bratislava saved to reports/weather.txt
===== Wed Apr  8 21:29:01 CEST 2026 =====
Weather report for Bratislava saved to reports/weather.txt
===== Wed Apr  8 21:30:01 CEST 2026 =====
Weather report for Bratislava saved to reports/weather.txt
===== Wed Apr  8 21:31:01 CEST 2026 =====
Weather report for Bratislava saved to reports/weather.txt
===== Wed Apr  8 21:32:01 CEST 2026 =====
Weather report for Bratislava saved to reports/weather.txt
===== Wed Apr  8 21:33:01 CEST 2026 =====
Weather report for Bratislava saved to reports/weather.txt
===== Wed Apr  8 21:34:01 CEST 2026 =====
Weather report for Bratislava saved to reports/weather.txt
===== Wed Apr  8 21:35:01 CEST 2026 =====
Weather report for Bratislava saved to reports/weather.txt
===== Wed Apr  8 21:36:01 CEST 2026 =====
Weather report for Bratislava saved to reports/weather.txt
===== Wed Apr  8 21:37:01 CEST 2026 =====
Weather report for Bratislava saved to reports/weather.txt
===== Wed Apr  8 21:38:01 CEST 2026 =====
Weather report for Bratislava saved to reports/weather.txt
===== Wed Apr  8 21:39:01 CEST 2026 =====
Weather report for Bratislava saved to reports/weather.txt
===== Wed Apr  8 21:40:01 CEST 2026 =====
Weather report for Bratislava saved to reports/weather.txt
===== Wed Apr  8 21:41:01 CEST 2026 =====
Weather report for Bratislava saved to reports/weather.txt
===== Wed Apr  8 21:42:01 CEST 2026 =====
Weather report for Bratislava saved to reports/weather.txt
===== Wed Apr  8 21:43:02 CEST 2026 =====
Weather report for Bratislava saved to reports/weather.txt
===== Wed Apr  8 21:44:01 CEST 2026 =====
Weather report for Bratislava saved to reports/weather.txt
===== Wed Apr  8 21:48:04 CEST 2026 =====
Weather report for Bratislava saved to reports/weather.txt
===== Wed Apr  8 21:49:01 CEST 2026 =====
Weather report for Bratislava saved to reports/weather.txt
===== Wed Apr  8 21:50:01 CEST 2026 =====
Weather report for Bratislava saved to reports/weather.txt
===== Wed Apr  8 21:51:01 CEST 2026 =====
Weather report for Bratislava saved to reports/weather.txt
===== Wed Apr  8 21:52:01 CEST 2026 =====
Weather report for Bratislava saved to reports/weather.txt
===== Wed Apr  8 21:53:01 CEST 2026 =====
Weather report for Bratislava saved to reports/weather.txt
===== Wed Apr  8 21:54:01 CEST 2026 =====
Weather report for Bratislava saved to reports/weather.txt
===== Wed Apr  8 21:55:01 CEST 2026 =====
Weather report for Bratislava saved to reports/weather.txt
===== Wed Apr  8 21:56:01 CEST 2026 =====
Weather report for Bratislava saved to reports/weather.txt
===== Wed Apr  8 21:57:01 CEST 2026 =====
Weather report for Bratislava saved to reports/weather.txt
===== Wed Apr  8 21:58:01 CEST 2026 =====
Weather report for Bratislava saved to reports/weather.txt
===== Wed Apr  8 21:59:01 CEST 2026 =====
Weather report for Bratislava saved to reports/weather.txt
===== Wed Apr  8 22:00:01 CEST 2026 =====
Weather report for Bratislava saved to reports/weather.txt
===== Wed Apr  8 22:01:01 CEST 2026 =====
Weather report for Bratislava saved to reports/weather.txt
===== Wed Apr  8 22:02:01 CEST 2026 =====
Weather report for Bratislava saved to reports/weather.txt
===== Wed Apr  8 22:03:01 CEST 2026 =====
Weather report for Bratislava saved to reports/weather.txt
===== Wed Apr  8 22:04:01 CEST 2026 =====
Weather report for Bratislava saved to reports/weather.txt
===== Wed Apr  8 22:05:01 CEST 2026 =====
Weather report for Bratislava saved to reports/weather.txt
===== Wed Apr  8 22:06:02 CEST 2026 =====
Weather report for Bratislava saved to reports/weather.txt
===== Wed Apr  8 22:07:01 CEST 2026 =====
Weather report for Bratislava saved to reports/weather.txt
===== Wed Apr  8 22:08:01 CEST 2026 =====
Weather report for Bratislava saved to reports/weather.txt
===== Wed Apr  8 22:09:01 CEST 2026 =====
Weather report for Bratislava saved to reports/weather.txt
===== Wed Apr  8 22:10:01 CEST 2026 =====
Weather report for Bratislava saved to reports/weather.txt
===== Wed Apr  8 22:11:02 CEST 2026 =====
Weather report for Bratislava saved to reports/weather.txt
===== Wed Apr  8 22:12:01 CEST 2026 =====
Weather report for Bratislava saved to reports/weather.txt
===== Wed Apr  8 22:13:01 CEST 2026 =====
Weather report for Bratislava saved to reports/weather.txt
===== Wed Apr  8 22:14:01 CEST 2026 =====
Weather report for Bratislava saved to reports/weather.txt
===== Wed Apr  8 22:15:01 CEST 2026 =====
Weather report for Bratislava saved to reports/weather.txt
===== Wed Apr  8 22:17:01 CEST 2026 =====
Weather report for Bratislava saved to reports/weather.txt
===== Wed Apr  8 22:18:01 CEST 2026 =====
Weather report for Bratislava saved to reports/weather.txt
===== Wed Apr  8 22:19:01 CEST 2026 =====
Weather report for Bratislava saved to reports/weather.txt
===== Wed Apr  8 22:20:01 CEST 2026 =====
Weather report for Bratislava saved to reports/weather.txt
===== Wed Apr  8 22:21:01 CEST 2026 =====
Weather report for Bratislava saved to reports/weather.txt
===== Wed Apr  8 22:22:01 CEST 2026 =====
Weather report for Bratislava saved to reports/weather.txt
===== Wed Apr  8 22:23:01 CEST 2026 =====
Weather report for Bratislava saved to reports/weather.txt
===== Wed Apr  8 22:24:01 CEST 2026 =====
Weather report for Bratislava saved to reports/weather.txt
===== Wed Apr  8 22:25:01 CEST 2026 =====
Weather report for Bratislava saved to reports/weather.txt
===== Wed Apr  8 22:26:01 CEST 2026 =====
Weather report for Bratislava saved to reports/weather.txt
===== Thu Apr  9 18:49:05 CEST 2026 =====
Weather report for Bratislava saved to reports/weather.txt
===== Thu Apr  9 18:50:02 CEST 2026 =====
Weather report for Bratislava saved to reports/weather.txt
===== Thu Apr  9 18:51:01 CEST 2026 =====
Weather report for Bratislava saved to reports/weather.txt
===== Thu Apr  9 18:52:01 CEST 2026 =====
Weather report for Bratislava saved to reports/weather.txt
===== Thu Apr  9 18:53:01 CEST 2026 =====
Weather report for Bratislava saved to reports/weather.txt
===== Thu Apr  9 18:54:02 CEST 2026 =====
Weather report for Bratislava saved to reports/weather.txt
===== Thu Apr  9 18:55:01 CEST 2026 =====
Weather report for Bratislava saved to reports/weather.txt
===== Thu Apr  9 18:56:01 CEST 2026 =====
Weather report for Bratislava saved to reports/weather.txt
===== Thu Apr  9 18:57:01 CEST 2026 =====
Weather report for Bratislava saved to reports/weather.txt
===== Thu Apr  9 18:58:01 CEST 2026 =====
Weather report for Bratislava saved to reports/weather.txt
===== Thu Apr  9 18:59:01 CEST 2026 =====
Weather report for Bratislava saved to reports/weather.txt
===== Thu Apr  9 19:00:01 CEST 2026 =====
Weather report for Bratislava saved to reports/weather.txt
===== Thu Apr  9 19:01:01 CEST 2026 =====
Weather report for Bratislava saved to reports/weather.txt
===== Thu Apr  9 19:02:02 CEST 2026 =====
Weather report for Bratislava saved to reports/weather.txt
===== Thu Apr  9 19:03:01 CEST 2026 =====
Weather report for Bratislava saved to reports/weather.txt
===== Thu Apr  9 19:04:01 CEST 2026 =====
Weather report for Bratislava saved to reports/weather.txt
===== Thu Apr  9 19:05:02 CEST 2026 =====
Weather report for Bratislava saved to reports/weather.txt
===== Thu Apr  9 19:06:01 CEST 2026 =====
Weather report for Bratislava saved to reports/weather.txt
===== Thu Apr  9 19:07:01 CEST 2026 =====
Weather report for Bratislava saved to reports/weather.txt
===== Thu Apr  9 19:08:01 CEST 2026 =====
Weather report for Bratislava saved to reports/weather.txt
===== Thu Apr  9 19:09:01 CEST 2026 =====
Weather report for Bratislava saved to reports/weather.txt
===== Thu Apr  9 19:10:01 CEST 2026 =====
Weather report for Bratislava saved to reports/weather.txt
===== Thu Apr  9 19:11:01 CEST 2026 =====
Weather report for Bratislava saved to reports/weather.txt
===== Thu Apr  9 19:12:01 CEST 2026 =====
Weather report for Bratislava saved to reports/weather.txt
===== Thu Apr  9 19:13:01 CEST 2026 =====
Weather report for Bratislava saved to reports/weather.txt
===== Thu Apr  9 19:14:01 CEST 2026 =====
Weather report for Bratislava saved to reports/weather.txt
===== Thu Apr  9 19:15:01 CEST 2026 =====
Weather report for Bratislava saved to reports/weather.txt
===== Thu Apr  9 19:16:01 CEST 2026 =====
Weather report for Bratislava saved to reports/weather.txt
===== Thu Apr  9 19:17:01 CEST 2026 =====
Weather report for Bratislava saved to reports/weather.txt
===== Thu Apr  9 19:18:01 CEST 2026 =====
Weather report for Bratislava saved to reports/weather.txt
===== Thu Apr  9 19:19:01 CEST 2026 =====
Weather report for Bratislava saved to reports/weather.txt
===== Thu Apr  9 19:20:01 CEST 2026 =====
Weather report for Bratislava saved to reports/weather.txt
===== Thu Apr  9 19:21:01 CEST 2026 =====
Weather report for Bratislava saved to reports/weather.txt
===== Thu Apr  9 19:22:01 CEST 2026 =====
Weather report for Bratislava saved to reports/weather.txt
===== Thu Apr  9 19:23:01 CEST 2026 =====
Weather report for Bratislava saved to reports/weather.txt
===== Thu Apr  9 19:24:01 CEST 2026 =====
Weather report for Bratislava saved to reports/weather.txt
===== Thu Apr  9 19:25:01 CEST 2026 =====
Weather report for Bratislava saved to reports/weather.txt
===== Thu Apr  9 19:26:01 CEST 2026 =====
Weather report for Bratislava saved to reports/weather.txt
===== Thu Apr  9 19:27:01 CEST 2026 =====
Weather report for Bratislava saved to reports/weather.txt
===== Thu Apr  9 19:28:01 CEST 2026 =====
Weather report for Bratislava saved to reports/weather.txt
===== Thu Apr  9 19:29:01 CEST 2026 =====
Weather report for Bratislava saved to reports/weather.txt
===== Thu Apr  9 19:30:01 CEST 2026 =====
Weather report for Bratislava saved to reports/weather.txt
===== Thu Apr  9 19:31:01 CEST 2026 =====
Weather report for Bratislava saved to reports/weather.txt
===== Thu Apr  9 19:32:01 CEST 2026 =====
Weather report for Bratislava saved to reports/weather.txt
===== Thu Apr  9 19:33:01 CEST 2026 =====
Weather report for Bratislava saved to reports/weather.txt
===== Thu Apr  9 19:34:01 CEST 2026 =====
Weather report for Bratislava saved to reports/weather.txt
===== Thu Apr  9 19:35:01 CEST 2026 =====
Weather report for Bratislava saved to reports/weather.txt
===== Thu Apr  9 19:36:01 CEST 2026 =====
Weather report for Bratislava saved to reports/weather.txt
===== Thu Apr  9 19:37:01 CEST 2026 =====
Weather report for Bratislava saved to reports/weather.txt
===== Thu Apr  9 19:38:02 CEST 2026 =====
Weather report for Bratislava saved to reports/weather.txt
===== Thu Apr  9 19:39:01 CEST 2026 =====
Weather report for Bratislava saved to reports/weather.txt
===== Thu Apr  9 19:40:01 CEST 2026 =====
Weather report for Bratislava saved to reports/weather.txt
===== Thu Apr  9 19:41:01 CEST 2026 =====
Weather report for Bratislava saved to reports/weather.txt
===== Thu Apr  9 19:42:02 CEST 2026 =====
Weather report for Bratislava saved to reports/weather.txt
===== Thu Apr  9 19:43:01 CEST 2026 =====
Weather report for Bratislava saved to reports/weather.txt
===== Thu Apr  9 19:44:01 CEST 2026 =====
Weather report for Bratislava saved to reports/weather.txt
===== Thu Apr  9 19:45:01 CEST 2026 =====
Weather report for Bratislava saved to reports/weather.txt
===== Thu Apr  9 19:46:01 CEST 2026 =====
Weather report for Bratislava saved to reports/weather.txt
===== Thu Apr  9 19:47:01 CEST 2026 =====
Weather report for Bratislava saved to reports/weather.txt
===== Thu Apr  9 19:48:01 CEST 2026 =====
Weather report for Bratislava saved to reports/weather.txt
===== Thu Apr  9 19:49:01 CEST 2026 =====
Weather report for Bratislava saved to reports/weather.txt
===== Thu Apr  9 19:50:01 CEST 2026 =====
Weather report for Bratislava saved to reports/weather.txt
===== Thu Apr  9 19:51:01 CEST 2026 =====
Weather report for Bratislava saved to reports/weather.txt
===== Thu Apr  9 19:52:01 CEST 2026 =====
Weather report for Bratislava saved to reports/weather.txt
===== Thu Apr  9 19:53:01 CEST 2026 =====
Weather report for Bratislava saved to reports/weather.txt
===== Thu Apr  9 19:54:02 CEST 2026 =====
Weather report for Bratislava saved to reports/weather.txt
===== Thu Apr  9 19:55:01 CEST 2026 =====
Weather report for Bratislava saved to reports/weather.txt
===== Thu Apr  9 19:56:01 CEST 2026 =====
Weather report for Bratislava saved to reports/weather.txt
===== Thu Apr  9 19:57:01 CEST 2026 =====
Weather report for Bratislava saved to reports/weather.txt
===== Thu Apr  9 19:58:02 CEST 2026 =====
Weather report for Bratislava saved to reports/weather.txt
===== Thu Apr  9 19:59:01 CEST 2026 =====
Weather report for Bratislava saved to reports/weather.txt
===== Thu Apr  9 20:00:01 CEST 2026 =====
Weather report for Bratislava saved to reports/weather.txt
===== Thu Apr  9 20:01:01 CEST 2026 =====
Weather report for Bratislava saved to reports/weather.txt
===== Thu Apr  9 20:02:01 CEST 2026 =====
Weather report for Bratislava saved to reports/weather.txt
===== Thu Apr  9 20:03:02 CEST 2026 =====
Weather report for Bratislava saved to reports/weather.txt
===== Thu Apr  9 20:04:01 CEST 2026 =====
Weather report for Bratislava saved to reports/weather.txt
===== Thu Apr  9 20:05:01 CEST 2026 =====
Weather report for Bratislava saved to reports/weather.txt
===== Thu Apr  9 20:06:01 CEST 2026 =====
Weather report for Bratislava saved to reports/weather.txt
===== Thu Apr  9 20:07:02 CEST 2026 =====
Weather report for Bratislava saved to reports/weather.txt
===== Thu Apr  9 20:08:01 CEST 2026 =====
Weather report for Bratislava saved to reports/weather.txt
===== Thu Apr  9 20:09:01 CEST 2026 =====
Weather report for Bratislava saved to reports/weather.txt
===== Thu Apr  9 20:10:01 CEST 2026 =====
Weather report for Bratislava saved to reports/weather.txt
===== Thu Apr  9 20:11:02 CEST 2026 =====
Weather report for Bratislava saved to reports/weather.txt
===== Thu Apr  9 20:12:01 CEST 2026 =====
Weather report for Bratislava saved to reports/weather.txt
===== Thu Apr  9 20:13:01 CEST 2026 =====
Weather report for Bratislava saved to reports/weather.txt
===== Thu Apr  9 20:14:01 CEST 2026 =====
Weather report for Bratislava saved to reports/weather.txt
===== Thu Apr  9 20:15:02 CEST 2026 =====
Weather report for Bratislava saved to reports/weather.txt
===== Thu Apr  9 20:16:01 CEST 2026 =====
Weather report for Bratislava saved to reports/weather.txt
===== Thu Apr  9 20:17:01 CEST 2026 =====
Weather report for Bratislava saved to reports/weather.txt
===== Thu Apr  9 20:18:01 CEST 2026 =====
Weather report for Bratislava saved to reports/weather.txt
===== Thu Apr  9 20:19:01 CEST 2026 =====
Weather report for Bratislava saved to reports/weather.txt
===== Thu Apr  9 20:20:01 CEST 2026 =====
Weather report for Bratislava saved to reports/weather.txt
===== Thu Apr  9 20:21:01 CEST 2026 =====
Weather report for Bratislava saved to reports/weather.txt
===== Thu Apr  9 20:22:01 CEST 2026 =====
Weather report for Bratislava saved to reports/weather.txt
===== Thu Apr  9 20:23:02 CEST 2026 =====
Weather report for Bratislava saved to reports/weather.txt
===== Thu Apr  9 20:24:01 CEST 2026 =====
Weather report for Bratislava saved to reports/weather.txt
===== Thu Apr  9 20:25:01 CEST 2026 =====
Weather report for Bratislava saved to reports/weather.txt
===== Thu Apr  9 20:26:01 CEST 2026 =====
Weather report for Bratislava saved to reports/weather.txt
===== Thu Apr  9 20:27:01 CEST 2026 =====
Weather report for Bratislava saved to reports/weather.txt
===== Thu Apr  9 20:28:01 CEST 2026 =====
Weather report for Bratislava saved to reports/weather.txt
===== Thu Apr  9 20:29:01 CEST 2026 =====
Weather report for Bratislava saved to reports/weather.txt
===== Thu Apr  9 20:30:01 CEST 2026 =====
Weather report for Bratislava saved to reports/weather.txt
===== Thu Apr  9 20:31:01 CEST 2026 =====
Weather report for Bratislava saved to reports/weather.txt
===== Thu Apr  9 20:32:01 CEST 2026 =====
Weather report for Bratislava saved to reports/weather.txt
===== Thu Apr  9 20:33:01 CEST 2026 =====
Weather report for Bratislava saved to reports/weather.txt
===== Thu Apr  9 20:34:02 CEST 2026 =====
Weather report for Bratislava saved to reports/weather.txt
===== Thu Apr  9 20:35:01 CEST 2026 =====
Weather report for Bratislava saved to reports/weather.txt
===== Thu Apr  9 20:36:01 CEST 2026 =====
Weather report for Bratislava saved to reports/weather.txt
===== Thu Apr  9 20:37:01 CEST 2026 =====
Weather report for Bratislava saved to reports/weather.txt
===== Thu Apr  9 20:38:01 CEST 2026 =====
Weather report for Bratislava saved to reports/weather.txt
===== Thu Apr  9 20:39:01 CEST 2026 =====
Weather report for Bratislava saved to reports/weather.txt
===== Thu Apr  9 20:40:01 CEST 2026 =====
Weather report for Bratislava saved to reports/weather.txt
===== Thu Apr  9 20:41:01 CEST 2026 =====
Weather report for Bratislava saved to reports/weather.txt
===== Thu Apr  9 20:42:01 CEST 2026 =====
Weather report for Bratislava saved to reports/weather.txt
===== Thu Apr  9 20:43:02 CEST 2026 =====
Weather report for Bratislava saved to reports/weather.txt
===== Thu Apr  9 20:44:01 CEST 2026 =====
Weather report for Bratislava saved to reports/weather.txt
===== Thu Apr  9 20:45:01 CEST 2026 =====
Weather report for Bratislava saved to reports/weather.txt
===== Thu Apr  9 20:46:01 CEST 2026 =====
Weather report for Bratislava saved to reports/weather.txt
===== Thu Apr  9 20:47:01 CEST 2026 =====
Weather report for Bratislava saved to reports/weather.txt
===== Thu Apr  9 20:48:01 CEST 2026 =====
Weather report for Bratislava saved to reports/weather.txt
===== Thu Apr  9 20:49:01 CEST 2026 =====
Weather report for Bratislava saved to reports/weather.txt
===== Thu Apr  9 20:50:01 CEST 2026 =====
Weather report for Bratislava saved to reports/weather.txt
===== Thu Apr  9 20:51:01 CEST 2026 =====
Weather report for Bratislava saved to reports/weather.txt
===== Thu Apr  9 20:52:01 CEST 2026 =====
Weather report for Bratislava saved to reports/weather.txt
===== Thu Apr  9 20:53:01 CEST 2026 =====
Weather report for Bratislava saved to reports/weather.txt
===== Thu Apr  9 20:54:01 CEST 2026 =====
Weather report for Bratislava saved to reports/weather.txt
===== Thu Apr  9 20:55:01 CEST 2026 =====
Weather report for Bratislava saved to reports/weather.txt
===== Thu Apr  9 20:56:01 CEST 2026 =====
Weather report for Bratislava saved to reports/weather.txt
===== Thu Apr  9 20:57:01 CEST 2026 =====
Weather report for Bratislava saved to reports/weather.txt
===== Thu Apr  9 20:58:01 CEST 2026 =====
Weather report for Bratislava saved to reports/weather.txt
===== Thu Apr  9 20:59:01 CEST 2026 =====
Weather report for Bratislava saved to reports/weather.txt
===== Thu Apr  9 21:00:01 CEST 2026 =====
Weather report for Bratislava saved to reports/weather.txt
===== Thu Apr  9 21:01:01 CEST 2026 =====
Weather report for Bratislava saved to reports/weather.txt
===== Thu Apr  9 21:02:01 CEST 2026 =====
Weather report for Bratislava saved to reports/weather.txt
===== Thu Apr  9 21:03:01 CEST 2026 =====
Weather report for Bratislava saved to reports/weather.txt
===== Thu Apr  9 21:03:35 CEST 2026 =====
Weather report for Bratislava saved to reports/weather.txt
===== Thu Apr  9 21:04:01 CEST 2026 =====
Weather report for Bratislava saved to reports/weather.txt
===== Thu Apr  9 21:05:01 CEST 2026 =====
Weather report for Bratislava saved to reports/weather.txt
===== Thu Apr  9 21:06:01 CEST 2026 =====
Weather report for Bratislava saved to reports/weather.txt
===== Thu Apr  9 21:07:01 CEST 2026 =====
Weather report for Bratislava saved to reports/weather.txt
===== Thu Apr  9 21:08:01 CEST 2026 =====
Weather report for Bratislava saved to reports/weather.txt
===== Thu Apr  9 21:09:01 CEST 2026 =====
Weather report for Bratislava saved to reports/weather.txt
===== Thu Apr  9 21:10:01 CEST 2026 =====
Weather report for Bratislava saved to reports/weather.txt
===== Thu Apr  9 21:11:01 CEST 2026 =====
Weather report for Bratislava saved to reports/weather.txt
===== Thu Apr  9 21:12:01 CEST 2026 =====
Weather report for Bratislava saved to reports/weather.txt
===== Thu Apr  9 21:13:02 CEST 2026 =====
Weather report for Bratislava saved to reports/weather.txt
===== Thu Apr  9 21:14:01 CEST 2026 =====
Weather report for Bratislava saved to reports/weather.txt
===== Thu Apr  9 21:15:01 CEST 2026 =====
Weather report for Bratislava saved to reports/weather.txt
===== Thu Apr  9 21:16:02 CEST 2026 =====
Weather report for Bratislava saved to reports/weather.txt
===== Thu Apr  9 21:17:01 CEST 2026 =====
Weather report for Bratislava saved to reports/weather.txt
===== Thu Apr  9 21:18:01 CEST 2026 =====
Weather report for Bratislava saved to reports/weather.txt
===== Thu Apr  9 21:19:01 CEST 2026 =====
Weather report for Bratislava saved to reports/weather.txt
===== Thu Apr  9 21:20:01 CEST 2026 =====
Weather report for Bratislava saved to reports/weather.txt
===== Thu Apr  9 21:21:01 CEST 2026 =====
Weather report for Bratislava saved to reports/weather.txt
===== Thu Apr  9 21:22:01 CEST 2026 =====
Weather report for Bratislava saved to reports/weather.txt
===== Thu Apr  9 21:23:01 CEST 2026 =====
Weather report for Bratislava saved to reports/weather.txt
===== Thu Apr  9 21:24:01 CEST 2026 =====
Weather report for Bratislava saved to reports/weather.txt
===== Thu Apr  9 21:25:01 CEST 2026 =====
Weather report for Bratislava saved to reports/weather.txt
===== Thu Apr  9 21:26:01 CEST 2026 =====
Weather report for Bratislava saved to reports/weather.txt
===== Thu Apr  9 21:27:01 CEST 2026 =====
Weather report for Bratislava saved to reports/weather.txt
===== Thu Apr  9 21:28:01 CEST 2026 =====
Weather report for Bratislava saved to reports/weather.txt
===== Thu Apr  9 21:29:01 CEST 2026 =====
Weather report for Bratislava saved to reports/weather.txt
===== Thu Apr  9 21:30:01 CEST 2026 =====
Weather report for Bratislava saved to reports/weather.txt
===== Thu Apr  9 21:31:01 CEST 2026 =====
Weather report for Bratislava saved to reports/weather.txt
===== Thu Apr  9 21:32:02 CEST 2026 =====
Weather report for Bratislava saved to reports/weather.txt
===== Thu Apr  9 21:33:01 CEST 2026 =====
Weather report for Bratislava saved to reports/weather.txt
===== Thu Apr  9 21:34:01 CEST 2026 =====
Weather report for Bratislava saved to reports/weather.txt
===== Thu Apr  9 21:35:01 CEST 2026 =====
Weather report for Bratislava saved to reports/weather.txt
===== Thu Apr  9 21:36:02 CEST 2026 =====
Weather report for Bratislava saved to reports/weather.txt
===== Thu Apr  9 21:37:01 CEST 2026 =====
Weather report for Bratislava saved to reports/weather.txt
===== Thu Apr  9 21:38:01 CEST 2026 =====
Weather report for Bratislava saved to reports/weather.txt
===== Thu Apr  9 21:39:02 CEST 2026 =====
Weather report for Bratislava saved to reports/weather.txt
===== Thu Apr  9 21:40:01 CEST 2026 =====
Weather report for Bratislava saved to reports/weather.txt
===== Thu Apr  9 21:41:01 CEST 2026 =====
Weather report for Bratislava saved to reports/weather.txt
===== Thu Apr  9 21:42:02 CEST 2026 =====
Weather report for Bratislava saved to reports/weather.txt
===== Thu Apr  9 21:43:01 CEST 2026 =====
Weather report for Bratislava saved to reports/weather.txt
===== Thu Apr  9 21:44:01 CEST 2026 =====
Weather report for Bratislava saved to reports/weather.txt
===== Thu Apr  9 21:45:02 CEST 2026 =====
Weather report for Bratislava saved to reports/weather.txt
===== Thu Apr  9 21:46:01 CEST 2026 =====
Weather report for Bratislava saved to reports/weather.txt
===== Thu Apr  9 21:47:01 CEST 2026 =====
Weather report for Bratislava saved to reports/weather.txt
===== Thu Apr  9 21:48:01 CEST 2026 =====
Weather report for Bratislava saved to reports/weather.txt
===== Thu Apr  9 21:49:01 CEST 2026 =====
Weather report for Bratislava saved to reports/weather.txt
===== Thu Apr  9 21:50:01 CEST 2026 =====
Weather report for Bratislava saved to reports/weather.txt
===== Thu Apr  9 21:51:02 CEST 2026 =====
Weather report for Bratislava saved to reports/weather.txt
===== Thu Apr  9 21:52:01 CEST 2026 =====
Weather report for Bratislava saved to reports/weather.txt
===== Thu Apr  9 21:53:01 CEST 2026 =====
Weather report for Bratislava saved to reports/weather.txt
===== Thu Apr  9 21:54:01 CEST 2026 =====
Weather report for Bratislava saved to reports/weather.txt
===== Thu Apr  9 21:55:01 CEST 2026 =====
Weather report for Bratislava saved to reports/weather.txt
===== Thu Apr  9 21:56:01 CEST 2026 =====
Weather report for Bratislava saved to reports/weather.txt
===== Thu Apr  9 21:57:01 CEST 2026 =====
Weather report for Bratislava saved to reports/weather.txt
===== Thu Apr  9 21:58:01 CEST 2026 =====
Weather report for Bratislava saved to reports/weather.txt
===== Thu Apr  9 21:59:01 CEST 2026 =====
Weather report for Bratislava saved to reports/weather.txt
===== Thu Apr  9 22:00:01 CEST 2026 =====
Weather report for Bratislava saved to reports/weather.txt
===== Thu Apr  9 22:01:01 CEST 2026 =====
Weather report for Bratislava saved to reports/weather.txt
===== Thu Apr  9 22:02:01 CEST 2026 =====
Weather report for Bratislava saved to reports/weather.txt
===== Thu Apr  9 22:03:02 CEST 2026 =====
Weather report for Bratislava saved to reports/weather.txt
===== Mon Apr 13 09:58:06 CEST 2026 =====
Weather report for Bratislava saved to reports/weather.txt
===== Mon Apr 13 09:59:01 CEST 2026 =====
Weather report for Bratislava saved to reports/weather.txt
===== Mon Apr 13 10:00:01 CEST 2026 =====
Weather report for Bratislava saved to reports/weather.txt
===== Mon Apr 13 10:01:01 CEST 2026 =====
Weather report for Bratislava saved to reports/weather.txt
===== Mon Apr 13 10:02:01 CEST 2026 =====
Weather report for Bratislava saved to reports/weather.txt
===== Mon Apr 13 10:03:02 CEST 2026 =====
Weather report for Bratislava saved to reports/weather.txt
===== Mon Apr 13 10:04:01 CEST 2026 =====
Weather report for Bratislava saved to reports/weather.txt
===== Mon Apr 13 10:05:01 CEST 2026 =====
Weather report for Bratislava saved to reports/weather.txt
===== Mon Apr 13 10:06:01 CEST 2026 =====
Weather report for Bratislava saved to reports/weather.txt
===== Mon Apr 13 10:07:01 CEST 2026 =====
Weather report for Bratislava saved to reports/weather.txt
===== Mon Apr 13 10:08:01 CEST 2026 =====
Weather report for Bratislava saved to reports/weather.txt
===== Mon Apr 13 10:09:01 CEST 2026 =====
Weather report for Bratislava saved to reports/weather.txt
===== Mon Apr 13 10:10:01 CEST 2026 =====
Weather report for Bratislava saved to reports/weather.txt
===== Mon Apr 13 10:11:02 CEST 2026 =====
Weather report for Bratislava saved to reports/weather.txt
===== Mon Apr 13 10:12:01 CEST 2026 =====
Weather report for Bratislava saved to reports/weather.txt
===== Mon Apr 13 10:13:01 CEST 2026 =====
Weather report for Bratislava saved to reports/weather.txt
===== Mon Apr 13 10:14:01 CEST 2026 =====
Weather report for Bratislava saved to reports/weather.txt
===== Mon Apr 13 10:15:01 CEST 2026 =====
Weather report for Bratislava saved to reports/weather.txt
===== Mon Apr 13 10:16:01 CEST 2026 =====
Weather report for Bratislava saved to reports/weather.txt
===== Mon Apr 13 10:17:01 CEST 2026 =====
Weather report for Bratislava saved to reports/weather.txt
===== Mon Apr 13 10:18:01 CEST 2026 =====
Weather report for Bratislava saved to reports/weather.txt
===== Mon Apr 13 10:19:01 CEST 2026 =====
Weather report for Bratislava saved to reports/weather.txt
===== Mon Apr 13 10:20:01 CEST 2026 =====
Weather report for Bratislava saved to reports/weather.txt
===== Mon Apr 13 10:21:01 CEST 2026 =====
Weather report for Bratislava saved to reports/weather.txt
===== Mon Apr 13 10:22:01 CEST 2026 =====
Weather report for Bratislava saved to reports/weather.txt
===== Mon Apr 13 10:23:01 CEST 2026 =====
Weather report for Bratislava saved to reports/weather.txt
===== Mon Apr 13 10:24:01 CEST 2026 =====
Weather report for Bratislava saved to reports/weather.txt
===== Mon Apr 13 10:25:01 CEST 2026 =====
Weather report for Bratislava saved to reports/weather.txt
===== Mon Apr 13 10:26:01 CEST 2026 =====
Weather report for Bratislava saved to reports/weather.txt
===== Mon Apr 13 10:27:01 CEST 2026 =====
Weather report for Bratislava saved to reports/weather.txt
===== Mon Apr 13 10:28:01 CEST 2026 =====
Weather report for Bratislava saved to reports/weather.txt
===== Mon Apr 13 10:29:01 CEST 2026 =====
Weather report for Bratislava saved to reports/weather.txt
===== Mon Apr 13 10:30:02 CEST 2026 =====
Weather report for Bratislava saved to reports/weather.txt
===== Mon Apr 13 10:31:01 CEST 2026 =====
Weather report for Bratislava saved to reports/weather.txt
===== Mon Apr 13 10:32:01 CEST 2026 =====
Weather report for Bratislava saved to reports/weather.txt
===== Mon Apr 13 10:33:01 CEST 2026 =====
Weather report for Bratislava saved to reports/weather.txt
===== Mon Apr 13 10:34:01 CEST 2026 =====
Weather report for Bratislava saved to reports/weather.txt
===== Mon Apr 13 10:35:01 CEST 2026 =====
Weather report for Bratislava saved to reports/weather.txt
===== Mon Apr 13 10:36:01 CEST 2026 =====
Weather report for Bratislava saved to reports/weather.txt
===== Mon Apr 13 10:37:04 CEST 2026 =====
Weather report for Bratislava saved to reports/weather.txt
===== Mon Apr 13 10:38:01 CEST 2026 =====
Weather report for Bratislava saved to reports/weather.txt
===== Mon Apr 13 10:39:01 CEST 2026 =====
Weather report for Bratislava saved to reports/weather.txt
===== Mon Apr 13 10:40:01 CEST 2026 =====
Weather report for Bratislava saved to reports/weather.txt
===== Mon Apr 13 10:41:01 CEST 2026 =====
Weather report for Bratislava saved to reports/weather.txt
===== Mon Apr 13 10:42:01 CEST 2026 =====
Weather report for Bratislava saved to reports/weather.txt
===== Mon Apr 13 10:43:01 CEST 2026 =====
Weather report for Bratislava saved to reports/weather.txt
===== Mon Apr 13 10:44:01 CEST 2026 =====
Weather report for Bratislava saved to reports/weather.txt
===== Mon Apr 13 10:45:01 CEST 2026 =====
Weather report for Bratislava saved to reports/weather.txt
===== Mon Apr 13 10:46:01 CEST 2026 =====
Weather report for Bratislava saved to reports/weather.txt
===== Mon Apr 13 10:47:01 CEST 2026 =====
Weather report for Bratislava saved to reports/weather.txt
===== Mon Apr 13 10:48:01 CEST 2026 =====
Weather report for Bratislava saved to reports/weather.txt
===== Mon Apr 13 10:49:02 CEST 2026 =====
Weather report for Bratislava saved to reports/weather.txt
===== Mon Apr 13 10:50:01 CEST 2026 =====
Weather report for Bratislava saved to reports/weather.txt
===== Mon Apr 13 10:51:01 CEST 2026 =====
Weather report for Bratislava saved to reports/weather.txt
===== Mon Apr 13 10:52:01 CEST 2026 =====
Weather report for Bratislava saved to reports/weather.txt
===== Mon Apr 13 10:53:02 CEST 2026 =====
Weather report for Bratislava saved to reports/weather.txt
===== Mon Apr 13 10:54:01 CEST 2026 =====
Weather report for Bratislava saved to reports/weather.txt
===== Mon Apr 13 10:55:01 CEST 2026 =====
Weather report for Bratislava saved to reports/weather.txt
===== Mon Apr 13 10:56:01 CEST 2026 =====
Weather report for Bratislava saved to reports/weather.txt
===== Mon Apr 13 10:57:01 CEST 2026 =====
Weather report for Bratislava saved to reports/weather.txt
===== Mon Apr 13 10:58:01 CEST 2026 =====
Weather report for Bratislava saved to reports/weather.txt
===== Mon Apr 13 10:59:01 CEST 2026 =====
Weather report for Bratislava saved to reports/weather.txt
===== Mon Apr 13 11:00:02 CEST 2026 =====
Weather report for Bratislava saved to reports/weather.txt
===== Mon Apr 13 11:01:01 CEST 2026 =====
Weather report for Bratislava saved to reports/weather.txt
===== Mon Apr 13 11:02:01 CEST 2026 =====
Weather report for Bratislava saved to reports/weather.txt
===== Mon Apr 13 11:03:01 CEST 2026 =====
Weather report for Bratislava saved to reports/weather.txt
===== Mon Apr 13 11:04:02 CEST 2026 =====
Weather report for Bratislava saved to reports/weather.txt
===== Mon Apr 13 11:05:01 CEST 2026 =====
Weather report for Bratislava saved to reports/weather.txt
===== Mon Apr 13 11:06:01 CEST 2026 =====
Weather report for Bratislava saved to reports/weather.txt
===== Mon Apr 13 11:07:01 CEST 2026 =====
Weather report for Bratislava saved to reports/weather.txt
===== Mon Apr 13 11:08:01 CEST 2026 =====
Weather report for Bratislava saved to reports/weather.txt
===== Mon Apr 13 11:09:01 CEST 2026 =====
Weather report for Bratislava saved to reports/weather.txt
===== Mon Apr 13 11:10:01 CEST 2026 =====
Weather report for Bratislava saved to reports/weather.txt
===== Mon Apr 13 11:11:01 CEST 2026 =====
Weather report for Bratislava saved to reports/weather.txt
===== Mon Apr 13 11:12:01 CEST 2026 =====
Weather report for Bratislava saved to reports/weather.txt
===== Mon Apr 13 11:13:01 CEST 2026 =====
Weather report for Bratislava saved to reports/weather.txt
===== Mon Apr 13 11:14:01 CEST 2026 =====
Weather report for Bratislava saved to reports/weather.txt
===== Mon Apr 13 11:15:01 CEST 2026 =====
Weather report for Bratislava saved to reports/weather.txt
===== Mon Apr 13 11:16:01 CEST 2026 =====
Weather report for Bratislava saved to reports/weather.txt
===== Mon Apr 13 11:17:01 CEST 2026 =====
Weather report for Bratislava saved to reports/weather.txt
===== Mon Apr 13 11:18:01 CEST 2026 =====
Weather report for Bratislava saved to reports/weather.txt
===== Mon Apr 13 11:22:07 CEST 2026 =====
Weather report for Bratislava saved to reports/weather.txt
===== Mon Apr 13 11:23:01 CEST 2026 =====
Weather report for Bratislava saved to reports/weather.txt
===== Mon Apr 13 11:24:01 CEST 2026 =====
Weather report for Bratislava saved to reports/weather.txt
===== Mon Apr 13 11:25:02 CEST 2026 =====
Weather report for Bratislava saved to reports/weather.txt
===== Mon Apr 13 11:26:01 CEST 2026 =====
Weather report for Bratislava saved to reports/weather.txt
===== Mon Apr 13 11:27:01 CEST 2026 =====
Weather report for Bratislava saved to reports/weather.txt
===== Mon Apr 13 11:28:01 CEST 2026 =====
Weather report for Bratislava saved to reports/weather.txt
===== Mon Apr 13 11:29:01 CEST 2026 =====
Weather report for Bratislava saved to reports/weather.txt
===== Mon Apr 13 11:34:07 CEST 2026 =====
Weather report for Bratislava saved to reports/weather.txt
===== Mon Apr 13 11:35:02 CEST 2026 =====
Weather report for Bratislava saved to reports/weather.txt
===== Mon Apr 13 11:36:01 CEST 2026 =====
Weather report for Bratislava saved to reports/weather.txt
===== Mon Apr 13 11:37:01 CEST 2026 =====
Weather report for Bratislava saved to reports/weather.txt
===== Mon Apr 13 11:38:01 CEST 2026 =====
Weather report for Bratislava saved to reports/weather.txt
===== Mon Apr 13 11:39:01 CEST 2026 =====
Weather report for Bratislava saved to reports/weather.txt
===== Mon Apr 13 11:49:06 CEST 2026 =====
Weather report for Bratislava saved to reports/weather.txt
===== Mon Apr 13 11:50:01 CEST 2026 =====
Weather report for Bratislava saved to reports/weather.txt
===== Mon Apr 13 11:51:01 CEST 2026 =====
Weather report for Bratislava saved to reports/weather.txt
===== Mon Apr 13 11:52:01 CEST 2026 =====
Weather report for Bratislava saved to reports/weather.txt
===== Mon Apr 13 11:53:02 CEST 2026 =====
Weather report for Bratislava saved to reports/weather.txt
===== Mon Apr 13 11:54:01 CEST 2026 =====
Weather report for Bratislava saved to reports/weather.txt
===== Mon Apr 13 11:55:01 CEST 2026 =====
Weather report for Bratislava saved to reports/weather.txt
===== Mon Apr 13 11:56:01 CEST 2026 =====
Weather report for Bratislava saved to reports/weather.txt
===== Mon Apr 13 11:57:02 CEST 2026 =====
Weather report for Bratislava saved to reports/weather.txt
===== Mon Apr 13 11:58:01 CEST 2026 =====
Weather report for Bratislava saved to reports/weather.txt
===== Mon Apr 13 11:59:01 CEST 2026 =====
Weather report for Bratislava saved to reports/weather.txt
===== Mon Apr 13 12:00:01 CEST 2026 =====
Weather report for Bratislava saved to reports/weather.txt
===== Mon Apr 13 12:01:01 CEST 2026 =====
Weather report for Bratislava saved to reports/weather.txt
===== Mon Apr 13 12:02:01 CEST 2026 =====
Weather report for Bratislava saved to reports/weather.txt
===== Mon Apr 13 12:03:01 CEST 2026 =====
Weather report for Bratislava saved to reports/weather.txt
===== Mon Apr 13 12:04:01 CEST 2026 =====
Weather report for Bratislava saved to reports/weather.txt
===== Mon Apr 13 14:01:08 CEST 2026 =====
Weather report for Bratislava saved to reports/weather.txt
===== Mon Apr 13 14:02:01 CEST 2026 =====
Weather report for Bratislava saved to reports/weather.txt
===== Mon Apr 13 14:03:01 CEST 2026 =====
Weather report for Bratislava saved to reports/weather.txt
===== Mon Apr 13 14:04:01 CEST 2026 =====
Weather report for Bratislava saved to reports/weather.txt
===== Mon Apr 13 14:05:01 CEST 2026 =====
Weather report for Bratislava saved to reports/weather.txt
===== Mon Apr 13 14:06:01 CEST 2026 =====
Weather report for Bratislava saved to reports/weather.txt
===== Mon Apr 13 14:07:01 CEST 2026 =====
Weather report for Bratislava saved to reports/weather.txt
===== Mon Apr 13 14:08:01 CEST 2026 =====
Weather report for Bratislava saved to reports/weather.txt
===== Mon Apr 13 14:09:01 CEST 2026 =====
Weather report for Bratislava saved to reports/weather.txt
===== Mon Apr 13 14:10:01 CEST 2026 =====
Weather report for Bratislava saved to reports/weather.txt
===== Mon Apr 13 14:11:01 CEST 2026 =====
Weather report for Bratislava saved to reports/weather.txt
===== Mon Apr 13 14:12:01 CEST 2026 =====
Weather report for Bratislava saved to reports/weather.txt
===== Mon Apr 13 14:13:01 CEST 2026 =====
Weather report for Bratislava saved to reports/weather.txt
===== Mon Apr 13 14:14:01 CEST 2026 =====
Weather report for Bratislava saved to reports/weather.txt
===== Mon Apr 13 14:15:01 CEST 2026 =====
Weather report for Bratislava saved to reports/weather.txt
===== Mon Apr 13 14:16:01 CEST 2026 =====
Weather report for Bratislava saved to reports/weather.txt
===== Mon Apr 13 14:17:01 CEST 2026 =====
Weather report for Bratislava saved to reports/weather.txt
===== Mon Apr 13 14:18:01 CEST 2026 =====
Weather report for Bratislava saved to reports/weather.txt
===== Mon Apr 13 14:19:02 CEST 2026 =====
Weather report for Bratislava saved to reports/weather.txt
===== Mon Apr 13 14:20:01 CEST 2026 =====
Weather report for Bratislava saved to reports/weather.txt
===== Mon Apr 13 14:21:01 CEST 2026 =====
Weather report for Bratislava saved to reports/weather.txt
===== Mon Apr 13 14:22:01 CEST 2026 =====
Weather report for Bratislava saved to reports/weather.txt
===== Mon Apr 13 14:23:01 CEST 2026 =====
Weather report for Bratislava saved to reports/weather.txt
===== Mon Apr 13 14:24:01 CEST 2026 =====
Weather report for Bratislava saved to reports/weather.txt
===== Mon Apr 13 14:25:01 CEST 2026 =====
Weather report for Bratislava saved to reports/weather.txt
===== Mon Apr 13 14:26:01 CEST 2026 =====
Weather report for Bratislava saved to reports/weather.txt
===== Mon Apr 13 14:27:02 CEST 2026 =====
Weather report for Bratislava saved to reports/weather.txt
===== Mon Apr 13 14:28:02 CEST 2026 =====
Weather report for Bratislava saved to reports/weather.txt
===== Mon Apr 13 14:29:01 CEST 2026 =====
Weather report for Bratislava saved to reports/weather.txt
===== Mon Apr 13 14:30:02 CEST 2026 =====
Weather report for Bratislava saved to reports/weather.txt
===== Mon Apr 13 14:31:01 CEST 2026 =====
Weather report for Bratislava saved to reports/weather.txt
===== Mon Apr 13 14:32:02 CEST 2026 =====
Weather report for Bratislava saved to reports/weather.txt
===== Mon Apr 13 14:33:02 CEST 2026 =====
Weather report for Bratislava saved to reports/weather.txt
===== Mon Apr 13 14:34:01 CEST 2026 =====
Weather report for Bratislava saved to reports/weather.txt
===== Mon Apr 13 14:35:01 CEST 2026 =====
Weather report for Bratislava saved to reports/weather.txt
===== Mon Apr 13 14:36:01 CEST 2026 =====
Weather report for Bratislava saved to reports/weather.txt
===== Mon Apr 13 14:37:01 CEST 2026 =====
Weather report for Bratislava saved to reports/weather.txt
===== Mon Apr 13 14:38:01 CEST 2026 =====
Weather report for Bratislava saved to reports/weather.txt
===== Mon Apr 13 14:39:01 CEST 2026 =====
Weather report for Bratislava saved to reports/weather.txt
===== Mon Apr 13 14:40:01 CEST 2026 =====
Weather report for Bratislava saved to reports/weather.txt
===== Mon Apr 13 14:41:02 CEST 2026 =====
Weather report for Bratislava saved to reports/weather.txt
===== Mon Apr 13 14:42:01 CEST 2026 =====
Weather report for Bratislava saved to reports/weather.txt
===== Mon Apr 13 14:43:02 CEST 2026 =====
Weather report for Bratislava saved to reports/weather.txt
===== Mon Apr 13 14:44:01 CEST 2026 =====
Weather report for Bratislava saved to reports/weather.txt
===== Mon Apr 13 14:45:01 CEST 2026 =====
Weather report for Bratislava saved to reports/weather.txt
===== Mon Apr 13 14:46:01 CEST 2026 =====
Weather report for Bratislava saved to reports/weather.txt
===== Mon Apr 13 14:47:01 CEST 2026 =====
Weather report for Bratislava saved to reports/weather.txt
===== Mon Apr 13 14:48:01 CEST 2026 =====
Weather report for Bratislava saved to reports/weather.txt
===== Mon Apr 13 14:49:01 CEST 2026 =====
Weather report for Bratislava saved to reports/weather.txt
===== Mon Apr 13 14:50:02 CEST 2026 =====
Weather report for Bratislava saved to reports/weather.txt
===== Mon Apr 13 14:51:01 CEST 2026 =====
Weather report for Bratislava saved to reports/weather.txt
===== Mon Apr 13 14:52:01 CEST 2026 =====
Weather report for Bratislava saved to reports/weather.txt
===== Mon Apr 13 14:53:01 CEST 2026 =====
Weather report for Bratislava saved to reports/weather.txt
===== Mon Apr 13 14:54:01 CEST 2026 =====
Weather report for Bratislava saved to reports/weather.txt
===== Mon Apr 13 14:55:01 CEST 2026 =====
Weather report for Bratislava saved to reports/weather.txt
===== Mon Apr 13 14:56:02 CEST 2026 =====
Weather report for Bratislava saved to reports/weather.txt
===== Mon Apr 13 14:57:01 CEST 2026 =====
Weather report for Bratislava saved to reports/weather.txt
===== Mon Apr 13 14:58:01 CEST 2026 =====
Weather report for Bratislava saved to reports/weather.txt
===== Mon Apr 13 14:59:02 CEST 2026 =====
Weather report for Bratislava saved to reports/weather.txt
===== Mon Apr 13 15:00:01 CEST 2026 =====
Weather report for Bratislava saved to reports/weather.txt
===== Mon Apr 13 15:01:02 CEST 2026 =====
Weather report for Bratislava saved to reports/weather.txt
===== Mon Apr 13 15:02:02 CEST 2026 =====
Weather report for Bratislava saved to reports/weather.txt
===== Mon Apr 13 15:03:01 CEST 2026 =====
Weather report for Bratislava saved to reports/weather.txt
===== Mon Apr 13 15:04:01 CEST 2026 =====
Weather report for Bratislava saved to reports/weather.txt
===== Mon Apr 13 15:05:01 CEST 2026 =====
Weather report for Bratislava saved to reports/weather.txt
===== Mon Apr 13 15:06:01 CEST 2026 =====
Weather report for Bratislava saved to reports/weather.txt
===== Mon Apr 13 15:07:01 CEST 2026 =====
Weather report for Bratislava saved to reports/weather.txt
===== Mon Apr 13 15:08:01 CEST 2026 =====
Weather report for Bratislava saved to reports/weather.txt
===== Mon Apr 13 15:09:01 CEST 2026 =====
Weather report for Bratislava saved to reports/weather.txt
===== Mon Apr 13 15:10:01 CEST 2026 =====
Weather report for Bratislava saved to reports/weather.txt
===== Mon Apr 13 15:11:01 CEST 2026 =====
Weather report for Bratislava saved to reports/weather.txt
===== Mon Apr 13 15:12:01 CEST 2026 =====
Weather report for Bratislava saved to reports/weather.txt
===== Mon Apr 13 15:13:01 CEST 2026 =====
Weather report for Bratislava saved to reports/weather.txt
===== Mon Apr 13 15:14:01 CEST 2026 =====
Weather report for Bratislava saved to reports/weather.txt
===== Mon Apr 13 15:15:01 CEST 2026 =====
Weather report for Bratislava saved to reports/weather.txt
===== Mon Apr 13 15:16:02 CEST 2026 =====
Weather report for Bratislava saved to reports/weather.txt
===== Mon Apr 13 15:17:01 CEST 2026 =====
Weather report for Bratislava saved to reports/weather.txt
===== Mon Apr 13 15:18:01 CEST 2026 =====
Weather report for Bratislava saved to reports/weather.txt
===== Mon Apr 13 15:19:01 CEST 2026 =====
Weather report for Bratislava saved to reports/weather.txt
===== Mon Apr 13 15:20:01 CEST 2026 =====
Weather report for Bratislava saved to reports/weather.txt
===== Mon Apr 13 15:21:01 CEST 2026 =====
Weather report for Bratislava saved to reports/weather.txt
===== Mon Apr 13 15:22:01 CEST 2026 =====
Weather report for Bratislava saved to reports/weather.txt
===== Mon Apr 13 15:23:01 CEST 2026 =====
Weather report for Bratislava saved to reports/weather.txt
===== Mon Apr 13 15:24:01 CEST 2026 =====
Weather report for Bratislava saved to reports/weather.txt
===== Mon Apr 13 15:25:01 CEST 2026 =====
Weather report for Bratislava saved to reports/weather.txt
===== Mon Apr 13 15:26:01 CEST 2026 =====
Weather report for Bratislava saved to reports/weather.txt
===== Mon Apr 13 15:27:01 CEST 2026 =====
Weather report for Bratislava saved to reports/weather.txt
===== Mon Apr 13 15:28:01 CEST 2026 =====
Weather report for Bratislava saved to reports/weather.txt
===== Mon Apr 13 15:29:01 CEST 2026 =====
Weather report for Bratislava saved to reports/weather.txt
===== Mon Apr 13 15:30:02 CEST 2026 =====
Weather report for Bratislava saved to reports/weather.txt
===== Mon Apr 13 15:31:01 CEST 2026 =====
Weather report for Bratislava saved to reports/weather.txt
===== Mon Apr 13 15:32:01 CEST 2026 =====
Weather report for Bratislava saved to reports/weather.txt
===== Mon Apr 13 15:33:01 CEST 2026 =====
Weather report for Bratislava saved to reports/weather.txt
===== Mon Apr 13 15:34:01 CEST 2026 =====
Weather report for Bratislava saved to reports/weather.txt
===== Mon Apr 13 16:15:06 CEST 2026 =====
Weather report for Bratislava saved to reports/weather.txt
===== Mon Apr 13 16:16:01 CEST 2026 =====
Weather report for Bratislava saved to reports/weather.txt
===== Mon Apr 13 16:17:01 CEST 2026 =====
Weather report for Bratislava saved to reports/weather.txt
===== Mon Apr 13 16:18:01 CEST 2026 =====
Weather report for Bratislava saved to reports/weather.txt
===== Mon Apr 13 16:19:01 CEST 2026 =====
Weather report for Bratislava saved to reports/weather.txt
===== Mon Apr 13 16:20:02 CEST 2026 =====
Weather report for Bratislava saved to reports/weather.txt
===== Mon Apr 13 16:21:01 CEST 2026 =====
Weather report for Bratislava saved to reports/weather.txt
===== Mon Apr 13 16:22:01 CEST 2026 =====
Weather report for Bratislava saved to reports/weather.txt
===== Mon Apr 13 16:23:02 CEST 2026 =====
Weather report for Bratislava saved to reports/weather.txt
===== Mon Apr 13 16:24:01 CEST 2026 =====
Weather report for Bratislava saved to reports/weather.txt
===== Mon Apr 13 16:25:01 CEST 2026 =====
Weather report for Bratislava saved to reports/weather.txt
===== Mon Apr 13 16:26:02 CEST 2026 =====
Weather report for Bratislava saved to reports/weather.txt
===== Mon Apr 13 16:27:01 CEST 2026 =====
Weather report for Bratislava saved to reports/weather.txt
===== Mon Apr 13 16:28:02 CEST 2026 =====
Weather report for Bratislava saved to reports/weather.txt
===== Mon Apr 13 16:29:01 CEST 2026 =====
Weather report for Bratislava saved to reports/weather.txt
===== Mon Apr 13 16:30:01 CEST 2026 =====
Weather report for Bratislava saved to reports/weather.txt
===== Mon Apr 13 16:31:01 CEST 2026 =====
Weather report for Bratislava saved to reports/weather.txt
===== Mon Apr 13 16:32:02 CEST 2026 =====
Weather report for Bratislava saved to reports/weather.txt
===== Mon Apr 13 16:33:01 CEST 2026 =====
Weather report for Bratislava saved to reports/weather.txt
===== Mon Apr 13 16:34:01 CEST 2026 =====
Weather report for Bratislava saved to reports/weather.txt
===== Mon Apr 13 16:35:01 CEST 2026 =====
Weather report for Bratislava saved to reports/weather.txt
===== Mon Apr 13 16:36:01 CEST 2026 =====
Weather report for Bratislava saved to reports/weather.txt
===== Mon Apr 13 16:37:01 CEST 2026 =====
Weather report for Bratislava saved to reports/weather.txt
===== Mon Apr 13 16:38:01 CEST 2026 =====
Weather report for Bratislava saved to reports/weather.txt
===== Mon Apr 13 16:39:01 CEST 2026 =====
Weather report for Bratislava saved to reports/weather.txt
===== Mon Apr 13 16:40:01 CEST 2026 =====
Weather report for Bratislava saved to reports/weather.txt
===== Mon Apr 13 16:41:01 CEST 2026 =====
Weather report for Bratislava saved to reports/weather.txt
===== Mon Apr 13 16:42:01 CEST 2026 =====
Weather report for Bratislava saved to reports/weather.txt
===== Mon Apr 13 16:43:01 CEST 2026 =====
Weather report for Bratislava saved to reports/weather.txt
===== Mon Apr 13 16:44:01 CEST 2026 =====
Weather report for Bratislava saved to reports/weather.txt
===== Mon Apr 13 16:45:01 CEST 2026 =====
Weather report for Bratislava saved to reports/weather.txt
===== Mon Apr 13 16:46:01 CEST 2026 =====
Weather report for Bratislava saved to reports/weather.txt
===== Mon Apr 13 16:47:02 CEST 2026 =====
Weather report for Bratislava saved to reports/weather.txt
===== Mon Apr 13 16:48:01 CEST 2026 =====
Weather report for Bratislava saved to reports/weather.txt
===== Mon Apr 13 16:49:01 CEST 2026 =====
Weather report for Bratislava saved to reports/weather.txt
===== Mon Apr 13 16:50:01 CEST 2026 =====
Weather report for Bratislava saved to reports/weather.txt
===== Mon Apr 13 16:51:02 CEST 2026 =====
Weather report for Bratislava saved to reports/weather.txt
===== Mon Apr 13 16:52:01 CEST 2026 =====
Weather report for Bratislava saved to reports/weather.txt
===== Mon Apr 13 16:53:01 CEST 2026 =====
Weather report for Bratislava saved to reports/weather.txt
===== Mon Apr 13 16:54:01 CEST 2026 =====
Weather report for Bratislava saved to reports/weather.txt
===== Mon Apr 13 16:55:01 CEST 2026 =====
Weather report for Bratislava saved to reports/weather.txt
===== Mon Apr 13 16:56:01 CEST 2026 =====
Weather report for Bratislava saved to reports/weather.txt
===== Mon Apr 13 16:57:01 CEST 2026 =====
Weather report for Bratislava saved to reports/weather.txt
===== Mon Apr 13 16:58:01 CEST 2026 =====
Weather report for Bratislava saved to reports/weather.txt
===== Mon Apr 13 16:59:01 CEST 2026 =====
Weather report for Bratislava saved to reports/weather.txt
===== Mon Apr 13 17:00:01 CEST 2026 =====
Weather report for Bratislava saved to reports/weather.txt
===== Mon Apr 13 17:01:02 CEST 2026 =====
Weather report for Bratislava saved to reports/weather.txt
===== Mon Apr 13 17:02:01 CEST 2026 =====
Weather report for Bratislava saved to reports/weather.txt
===== Mon Apr 13 17:03:01 CEST 2026 =====
Weather report for Bratislava saved to reports/weather.txt
===== Mon Apr 13 17:04:01 CEST 2026 =====
Weather report for Bratislava saved to reports/weather.txt
===== Mon Apr 13 17:05:01 CEST 2026 =====
Weather report for Bratislava saved to reports/weather.txt
===== Mon Apr 13 17:06:01 CEST 2026 =====
Weather report for Bratislava saved to reports/weather.txt
===== Mon Apr 13 17:07:01 CEST 2026 =====
Weather report for Bratislava saved to reports/weather.txt
===== Mon Apr 13 17:08:01 CEST 2026 =====
Weather report for Bratislava saved to reports/weather.txt
===== Mon Apr 13 17:09:01 CEST 2026 =====
Weather report for Bratislava saved to reports/weather.txt
===== Mon Apr 13 17:10:01 CEST 2026 =====
Weather report for Bratislava saved to reports/weather.txt
===== Mon Apr 13 17:11:01 CEST 2026 =====
Weather report for Bratislava saved to reports/weather.txt
===== Mon Apr 13 17:12:02 CEST 2026 =====
Weather report for Bratislava saved to reports/weather.txt
===== Mon Apr 13 17:13:01 CEST 2026 =====
Weather report for Bratislava saved to reports/weather.txt
===== Mon Apr 13 17:14:01 CEST 2026 =====
Weather report for Bratislava saved to reports/weather.txt
===== Mon Apr 13 17:15:01 CEST 2026 =====
Weather report for Bratislava saved to reports/weather.txt
===== Mon Apr 13 17:16:01 CEST 2026 =====
Weather report for Bratislava saved to reports/weather.txt
===== Mon Apr 13 17:17:01 CEST 2026 =====
Weather report for Bratislava saved to reports/weather.txt
===== Mon Apr 13 17:18:01 CEST 2026 =====
Weather report for Bratislava saved to reports/weather.txt
===== Mon Apr 13 17:19:01 CEST 2026 =====
Weather report for Bratislava saved to reports/weather.txt
===== Mon Apr 13 17:20:02 CEST 2026 =====
Weather report for Bratislava saved to reports/weather.txt
===== Mon Apr 13 17:21:01 CEST 2026 =====
Weather report for Bratislava saved to reports/weather.txt
===== Mon Apr 13 17:22:01 CEST 2026 =====
Weather report for Bratislava saved to reports/weather.txt
===== Mon Apr 13 17:23:01 CEST 2026 =====
Weather report for Bratislava saved to reports/weather.txt
===== Mon Apr 13 17:24:01 CEST 2026 =====
Weather report for Bratislava saved to reports/weather.txt
===== Mon Apr 13 17:25:01 CEST 2026 =====
Weather report for Bratislava saved to reports/weather.txt
===== Mon Apr 13 17:26:01 CEST 2026 =====
Weather report for Bratislava saved to reports/weather.txt
===== Mon Apr 13 17:27:01 CEST 2026 =====
Weather report for Bratislava saved to reports/weather.txt
===== Mon Apr 13 17:28:01 CEST 2026 =====
Weather report for Bratislava saved to reports/weather.txt
===== Mon Apr 13 17:29:01 CEST 2026 =====
Weather report for Bratislava saved to reports/weather.txt
===== Mon Apr 13 17:30:02 CEST 2026 =====
Weather report for Bratislava saved to reports/weather.txt
===== Mon Apr 13 17:31:01 CEST 2026 =====
Weather report for Bratislava saved to reports/weather.txt
===== Mon Apr 13 17:32:01 CEST 2026 =====
Weather report for Bratislava saved to reports/weather.txt
===== Mon Apr 13 17:33:01 CEST 2026 =====
Weather report for Bratislava saved to reports/weather.txt
===== Mon Apr 13 17:34:01 CEST 2026 =====
Weather report for Bratislava saved to reports/weather.txt
===== Mon Apr 13 17:35:01 CEST 2026 =====
Weather report for Bratislava saved to reports/weather.txt
===== Mon Apr 13 17:36:02 CEST 2026 =====
Weather report for Bratislava saved to reports/weather.txt
===== Mon Apr 13 17:37:01 CEST 2026 =====
Weather report for Bratislava saved to reports/weather.txt
===== Mon Apr 13 17:38:01 CEST 2026 =====
Weather report for Bratislava saved to reports/weather.txt
===== Mon Apr 13 17:39:01 CEST 2026 =====
Weather report for Bratislava saved to reports/weather.txt
===== Mon Apr 13 17:40:01 CEST 2026 =====
Weather report for Bratislava saved to reports/weather.txt
===== Mon Apr 13 17:41:01 CEST 2026 =====
Weather report for Bratislava saved to reports/weather.txt
===== Mon Apr 13 17:42:01 CEST 2026 =====
Weather report for Bratislava saved to reports/weather.txt
===== Mon Apr 13 17:43:02 CEST 2026 =====
Weather report for Bratislava saved to reports/weather.txt
===== Mon Apr 13 17:44:01 CEST 2026 =====
Weather report for Bratislava saved to reports/weather.txt
===== Mon Apr 13 17:45:01 CEST 2026 =====
Weather report for Bratislava saved to reports/weather.txt
===== Mon Apr 13 17:46:01 CEST 2026 =====
Weather report for Bratislava saved to reports/weather.txt
===== Mon Apr 13 17:47:01 CEST 2026 =====
Weather report for Bratislava saved to reports/weather.txt
===== Mon Apr 13 17:48:02 CEST 2026 =====
Weather report for Bratislava saved to reports/weather.txt
===== Mon Apr 13 17:49:01 CEST 2026 =====
Weather report for Bratislava saved to reports/weather.txt
===== Mon Apr 13 17:50:01 CEST 2026 =====
Weather report for Bratislava saved to reports/weather.txt
===== Mon Apr 13 17:51:01 CEST 2026 =====
Weather report for Bratislava saved to reports/weather.txt
===== Mon Apr 13 17:52:01 CEST 2026 =====
Weather report for Bratislava saved to reports/weather.txt
===== Mon Apr 13 17:53:01 CEST 2026 =====
Weather report for Bratislava saved to reports/weather.txt
===== Mon Apr 13 17:54:01 CEST 2026 =====
Weather report for Bratislava saved to reports/weather.txt
===== Mon Apr 13 17:55:01 CEST 2026 =====
Weather report for Bratislava saved to reports/weather.txt
===== Mon Apr 13 17:56:01 CEST 2026 =====
Weather report for Bratislava saved to reports/weather.txt
===== Mon Apr 13 17:57:01 CEST 2026 =====
Weather report for Bratislava saved to reports/weather.txt
===== Mon Apr 13 17:58:01 CEST 2026 =====
Weather report for Bratislava saved to reports/weather.txt
===== Mon Apr 13 17:59:01 CEST 2026 =====
Weather report for Bratislava saved to reports/weather.txt
===== Mon Apr 13 18:00:01 CEST 2026 =====
Weather report for Bratislava saved to reports/weather.txt
===== Mon Apr 13 18:01:01 CEST 2026 =====
Weather report for Bratislava saved to reports/weather.txt
===== Mon Apr 13 18:02:02 CEST 2026 =====
Weather report for Bratislava saved to reports/weather.txt
===== Mon Apr 13 18:03:01 CEST 2026 =====
Weather report for Bratislava saved to reports/weather.txt
===== Mon Apr 13 18:04:01 CEST 2026 =====
Weather report for Bratislava saved to reports/weather.txt
===== Mon Apr 13 18:05:01 CEST 2026 =====
Weather report for Bratislava saved to reports/weather.txt
===== Mon Apr 13 18:06:01 CEST 2026 =====
Weather report for Bratislava saved to reports/weather.txt
===== Mon Apr 13 18:07:01 CEST 2026 =====
Weather report for Bratislava saved to reports/weather.txt
===== Mon Apr 13 18:08:02 CEST 2026 =====
Weather report for Bratislava saved to reports/weather.txt
===== Mon Apr 13 18:09:01 CEST 2026 =====
Weather report for Bratislava saved to reports/weather.txt
===== Mon Apr 13 18:10:01 CEST 2026 =====
Weather report for Bratislava saved to reports/weather.txt
===== Mon Apr 13 18:11:01 CEST 2026 =====
Weather report for Bratislava saved to reports/weather.txt
===== Mon Apr 13 18:12:01 CEST 2026 =====
Weather report for Bratislava saved to reports/weather.txt
===== Mon Apr 13 18:13:01 CEST 2026 =====
Weather report for Bratislava saved to reports/weather.txt
===== Mon Apr 13 18:14:01 CEST 2026 =====
Weather report for Bratislava saved to reports/weather.txt
===== Mon Apr 13 18:15:01 CEST 2026 =====
Weather report for Bratislava saved to reports/weather.txt
===== Mon Apr 13 18:16:01 CEST 2026 =====
Weather report for Bratislava saved to reports/weather.txt
===== Mon Apr 13 18:17:01 CEST 2026 =====
Weather report for Bratislava saved to reports/weather.txt
===== Mon Apr 13 18:18:01 CEST 2026 =====
Weather report for Bratislava saved to reports/weather.txt
===== Mon Apr 13 18:19:01 CEST 2026 =====
Weather report for Bratislava saved to reports/weather.txt
===== Mon Apr 13 18:20:01 CEST 2026 =====
Weather report for Bratislava saved to reports/weather.txt
===== Mon Apr 13 18:21:02 CEST 2026 =====
Weather report for Bratislava saved to reports/weather.txt
===== Mon Apr 13 18:22:01 CEST 2026 =====
Weather report for Bratislava saved to reports/weather.txt
===== Mon Apr 13 18:23:01 CEST 2026 =====
Weather report for Bratislava saved to reports/weather.txt
===== Mon Apr 13 18:24:01 CEST 2026 =====
Weather report for Bratislava saved to reports/weather.txt
===== Mon Apr 13 18:25:01 CEST 2026 =====
Weather report for Bratislava saved to reports/weather.txt
===== Mon Apr 13 18:26:02 CEST 2026 =====
Weather report for Bratislava saved to reports/weather.txt
===== Mon Apr 13 18:27:01 CEST 2026 =====
Weather report for Bratislava saved to reports/weather.txt
===== Mon Apr 13 18:28:01 CEST 2026 =====
Weather report for Bratislava saved to reports/weather.txt
===== Mon Apr 13 18:29:01 CEST 2026 =====
Weather report for Bratislava saved to reports/weather.txt
===== Mon Apr 13 18:30:02 CEST 2026 =====
Weather report for Bratislava saved to reports/weather.txt
===== Mon Apr 13 18:31:01 CEST 2026 =====
Weather report for Bratislava saved to reports/weather.txt
===== Mon Apr 13 18:32:01 CEST 2026 =====
Weather report for Bratislava saved to reports/weather.txt
===== Mon Apr 13 18:33:02 CEST 2026 =====
Weather report for Bratislava saved to reports/weather.txt
===== Mon Apr 13 18:34:01 CEST 2026 =====
Weather report for Bratislava saved to reports/weather.txt
===== Mon Apr 13 18:35:01 CEST 2026 =====
Weather report for Bratislava saved to reports/weather.txt
===== Mon Apr 13 18:36:01 CEST 2026 =====
Weather report for Bratislava saved to reports/weather.txt
===== Mon Apr 13 18:37:01 CEST 2026 =====
Weather report for Bratislava saved to reports/weather.txt
===== Mon Apr 13 18:38:01 CEST 2026 =====
Weather report for Bratislava saved to reports/weather.txt
===== Mon Apr 13 18:39:01 CEST 2026 =====
Weather report for Bratislava saved to reports/weather.txt
===== Mon Apr 13 18:40:01 CEST 2026 =====
Weather report for Bratislava saved to reports/weather.txt
===== Mon Apr 13 18:41:01 CEST 2026 =====
Weather report for Bratislava saved to reports/weather.txt
===== Mon Apr 13 18:42:01 CEST 2026 =====
Weather report for Bratislava saved to reports/weather.txt
===== Mon Apr 13 18:43:01 CEST 2026 =====
Weather report for Bratislava saved to reports/weather.txt
===== Mon Apr 13 18:44:01 CEST 2026 =====
Weather report for Bratislava saved to reports/weather.txt
===== Mon Apr 13 18:45:01 CEST 2026 =====
Weather report for Bratislava saved to reports/weather.txt
===== Mon Apr 13 18:46:02 CEST 2026 =====
Weather report for Bratislava saved to reports/weather.txt
===== Mon Apr 13 18:47:01 CEST 2026 =====
Weather report for Bratislava saved to reports/weather.txt
===== Mon Apr 13 18:48:01 CEST 2026 =====
Weather report for Bratislava saved to reports/weather.txt
===== Mon Apr 13 18:49:01 CEST 2026 =====
Weather report for Bratislava saved to reports/weather.txt
===== Mon Apr 13 18:50:01 CEST 2026 =====
Weather report for Bratislava saved to reports/weather.txt
===== Mon Apr 13 18:51:01 CEST 2026 =====
Weather report for Bratislava saved to reports/weather.txt
===== Mon Apr 13 18:52:01 CEST 2026 =====
Weather report for Bratislava saved to reports/weather.txt
===== Mon Apr 13 18:53:01 CEST 2026 =====
Weather report for Bratislava saved to reports/weather.txt
===== Mon Apr 13 18:54:01 CEST 2026 =====
Weather report for Bratislava saved to reports/weather.txt
